[2025-08-24 10:41:55] local.ERROR: Call to undefined method Livewire\LivewireManager::routes() {"exception":"[object] (Error(code: 0): Call to undefined method Livewire\\LivewireManager::routes() at C:\\Users\\Pentanik IT\\Desktop\\Ponnobd Laravel\\vendor\\laravel\\framework\\src\\Illuminate\\Support\\Facades\\Facade.php:355)
[stacktrace]
#0 C:\\Users\\Pentanik IT\\Desktop\\Ponnobd Laravel\\routes\\web.php(70): Illuminate\\Support\\Facades\\Facade::__callStatic('routes', Array)
#1 C:\\Users\\Pentanik IT\\Desktop\\Ponnobd Laravel\\vendor\\laravel\\framework\\src\\Illuminate\\Routing\\RouteFileRegistrar.php(35): require('C:\\\\Users\\\\Pentan...')
#2 C:\\Users\\Pentanik IT\\Desktop\\Ponnobd Laravel\\vendor\\laravel\\framework\\src\\Illuminate\\Routing\\Router.php(511): Illuminate\\Routing\\RouteFileRegistrar->register('C:\\\\Users\\\\Pentan...')
#3 C:\\Users\\Pentanik IT\\Desktop\\Ponnobd Laravel\\vendor\\laravel\\framework\\src\\Illuminate\\Routing\\Router.php(465): Illuminate\\Routing\\Router->loadRoutes('C:\\\\Users\\\\Pentan...')
#4 C:\\Users\\Pentanik IT\\Desktop\\Ponnobd Laravel\\vendor\\laravel\\framework\\src\\Illuminate\\Routing\\RouteRegistrar.php(194): Illuminate\\Routing\\Router->group(Array, 'C:\\\\Users\\\\Pentan...')
#5 C:\\Users\\Pentanik IT\\Desktop\\Ponnobd Laravel\\app\\Providers\\RouteServiceProvider.php(41): Illuminate\\Routing\\RouteRegistrar->group('C:\\\\Users\\\\Pentan...')
#6 C:\\Users\\Pentanik IT\\Desktop\\Ponnobd Laravel\\vendor\\laravel\\framework\\src\\Illuminate\\Container\\BoundMethod.php(36): App\\Providers\\RouteServiceProvider->App\\Providers\\{closure}()
#7 C:\\Users\\Pentanik IT\\Desktop\\Ponnobd Laravel\\vendor\\laravel\\framework\\src\\Illuminate\\Container\\Util.php(41): Illuminate\\Container\\BoundMethod::Illuminate\\Container\\{closure}()
#8 C:\\Users\\Pentanik IT\\Desktop\\Ponnobd Laravel\\vendor\\laravel\\framework\\src\\Illuminate\\Container\\BoundMethod.php(81): Illuminate\\Container\\Util::unwrapIfClosure(Object(Closure))
#9 C:\\Users\\Pentanik IT\\Desktop\\Ponnobd Laravel\\vendor\\laravel\\framework\\src\\Illuminate\\Container\\BoundMethod.php(35): Illuminate\\Container\\BoundMethod::callBoundMethod(Object(Illuminate\\Foundation\\Application), Object(Closure), Object(Closure))
#10 C:\\Users\\Pentanik IT\\Desktop\\Ponnobd Laravel\\vendor\\laravel\\framework\\src\\Illuminate\\Container\\Container.php(662): Illuminate\\Container\\BoundMethod::call(Object(Illuminate\\Foundation\\Application), Object(Closure), Array, NULL)
#11 C:\\Users\\Pentanik IT\\Desktop\\Ponnobd Laravel\\vendor\\laravel\\framework\\src\\Illuminate\\Foundation\\Support\\Providers\\RouteServiceProvider.php(120): Illuminate\\Container\\Container->call(Object(Closure))
#12 C:\\Users\\Pentanik IT\\Desktop\\Ponnobd Laravel\\vendor\\laravel\\framework\\src\\Illuminate\\Foundation\\Support\\Providers\\RouteServiceProvider.php(45): Illuminate\\Foundation\\Support\\Providers\\RouteServiceProvider->loadRoutes()
#13 C:\\Users\\Pentanik IT\\Desktop\\Ponnobd Laravel\\vendor\\laravel\\framework\\src\\Illuminate\\Container\\BoundMethod.php(36): Illuminate\\Foundation\\Support\\Providers\\RouteServiceProvider->Illuminate\\Foundation\\Support\\Providers\\{closure}()
#14 C:\\Users\\Pentanik IT\\Desktop\\Ponnobd Laravel\\vendor\\laravel\\framework\\src\\Illuminate\\Container\\Util.php(41): Illuminate\\Container\\BoundMethod::Illuminate\\Container\\{closure}()
#15 C:\\Users\\Pentanik IT\\Desktop\\Ponnobd Laravel\\vendor\\laravel\\framework\\src\\Illuminate\\Container\\BoundMethod.php(81): Illuminate\\Container\\Util::unwrapIfClosure(Object(Closure))
#16 C:\\Users\\Pentanik IT\\Desktop\\Ponnobd Laravel\\vendor\\laravel\\framework\\src\\Illuminate\\Container\\BoundMethod.php(35): Illuminate\\Container\\BoundMethod::callBoundMethod(Object(Illuminate\\Foundation\\Application), Object(Closure), Object(Closure))
#17 C:\\Users\\Pentanik IT\\Desktop\\Ponnobd Laravel\\vendor\\laravel\\framework\\src\\Illuminate\\Container\\Container.php(662): Illuminate\\Container\\BoundMethod::call(Object(Illuminate\\Foundation\\Application), Object(Closure), Array, NULL)
#18 C:\\Users\\Pentanik IT\\Desktop\\Ponnobd Laravel\\vendor\\laravel\\framework\\src\\Illuminate\\Support\\ServiceProvider.php(119): Illuminate\\Container\\Container->call(Object(Closure))
#19 C:\\Users\\Pentanik IT\\Desktop\\Ponnobd Laravel\\vendor\\laravel\\framework\\src\\Illuminate\\Foundation\\Application.php(1037): Illuminate\\Support\\ServiceProvider->callBootedCallbacks()
#20 C:\\Users\\Pentanik IT\\Desktop\\Ponnobd Laravel\\vendor\\laravel\\framework\\src\\Illuminate\\Foundation\\Application.php(1015): Illuminate\\Foundation\\Application->bootProvider(Object(App\\Providers\\RouteServiceProvider))
#21 [internal function]: Illuminate\\Foundation\\Application->Illuminate\\Foundation\\{closure}(Object(App\\Providers\\RouteServiceProvider), 34)
#22 C:\\Users\\Pentanik IT\\Desktop\\Ponnobd Laravel\\vendor\\laravel\\framework\\src\\Illuminate\\Foundation\\Application.php(1014): array_walk(Array, Object(Closure))
#23 C:\\Users\\Pentanik IT\\Desktop\\Ponnobd Laravel\\vendor\\laravel\\framework\\src\\Illuminate\\Foundation\\Bootstrap\\BootProviders.php(17): Illuminate\\Foundation\\Application->boot()
#24 C:\\Users\\Pentanik IT\\Desktop\\Ponnobd Laravel\\vendor\\laravel\\framework\\src\\Illuminate\\Foundation\\Application.php(263): Illuminate\\Foundation\\Bootstrap\\BootProviders->bootstrap(Object(Illuminate\\Foundation\\Application))
#25 C:\\Users\\Pentanik IT\\Desktop\\Ponnobd Laravel\\vendor\\laravel\\framework\\src\\Illuminate\\Foundation\\Console\\Kernel.php(447): Illuminate\\Foundation\\Application->bootstrapWith(Array)
#26 C:\\Users\\Pentanik IT\\Desktop\\Ponnobd Laravel\\vendor\\laravel\\framework\\src\\Illuminate\\Foundation\\Console\\Kernel.php(199): Illuminate\\Foundation\\Console\\Kernel->bootstrap()
#27 Command line code(1): Illuminate\\Foundation\\Console\\Kernel->handle(Object(Symfony\\Component\\Console\\Input\\ArgvInput), Object(Symfony\\Component\\Console\\Output\\ConsoleOutput))
#28 {main}
"} 
[2025-08-24 10:42:19] local.ERROR: Call to undefined method Livewire\LivewireManager::routes() {"exception":"[object] (Error(code: 0): Call to undefined method Livewire\\LivewireManager::routes() at C:\\Users\\Pentanik IT\\Desktop\\Ponnobd Laravel\\vendor\\laravel\\framework\\src\\Illuminate\\Support\\Facades\\Facade.php:355)
[stacktrace]
#0 C:\\Users\\Pentanik IT\\Desktop\\Ponnobd Laravel\\routes\\web.php(71): Illuminate\\Support\\Facades\\Facade::__callStatic('routes', Array)
#1 C:\\Users\\Pentanik IT\\Desktop\\Ponnobd Laravel\\vendor\\laravel\\framework\\src\\Illuminate\\Routing\\RouteFileRegistrar.php(35): require('C:\\\\Users\\\\Pentan...')
#2 C:\\Users\\Pentanik IT\\Desktop\\Ponnobd Laravel\\vendor\\laravel\\framework\\src\\Illuminate\\Routing\\Router.php(511): Illuminate\\Routing\\RouteFileRegistrar->register('C:\\\\Users\\\\Pentan...')
#3 C:\\Users\\Pentanik IT\\Desktop\\Ponnobd Laravel\\vendor\\laravel\\framework\\src\\Illuminate\\Routing\\Router.php(465): Illuminate\\Routing\\Router->loadRoutes('C:\\\\Users\\\\Pentan...')
#4 C:\\Users\\Pentanik IT\\Desktop\\Ponnobd Laravel\\vendor\\laravel\\framework\\src\\Illuminate\\Routing\\RouteRegistrar.php(194): Illuminate\\Routing\\Router->group(Array, 'C:\\\\Users\\\\Pentan...')
#5 C:\\Users\\Pentanik IT\\Desktop\\Ponnobd Laravel\\app\\Providers\\RouteServiceProvider.php(41): Illuminate\\Routing\\RouteRegistrar->group('C:\\\\Users\\\\Pentan...')
#6 C:\\Users\\Pentanik IT\\Desktop\\Ponnobd Laravel\\vendor\\laravel\\framework\\src\\Illuminate\\Container\\BoundMethod.php(36): App\\Providers\\RouteServiceProvider->App\\Providers\\{closure}()
#7 C:\\Users\\Pentanik IT\\Desktop\\Ponnobd Laravel\\vendor\\laravel\\framework\\src\\Illuminate\\Container\\Util.php(41): Illuminate\\Container\\BoundMethod::Illuminate\\Container\\{closure}()
#8 C:\\Users\\Pentanik IT\\Desktop\\Ponnobd Laravel\\vendor\\laravel\\framework\\src\\Illuminate\\Container\\BoundMethod.php(81): Illuminate\\Container\\Util::unwrapIfClosure(Object(Closure))
#9 C:\\Users\\Pentanik IT\\Desktop\\Ponnobd Laravel\\vendor\\laravel\\framework\\src\\Illuminate\\Container\\BoundMethod.php(35): Illuminate\\Container\\BoundMethod::callBoundMethod(Object(Illuminate\\Foundation\\Application), Object(Closure), Object(Closure))
#10 C:\\Users\\Pentanik IT\\Desktop\\Ponnobd Laravel\\vendor\\laravel\\framework\\src\\Illuminate\\Container\\Container.php(662): Illuminate\\Container\\BoundMethod::call(Object(Illuminate\\Foundation\\Application), Object(Closure), Array, NULL)
#11 C:\\Users\\Pentanik IT\\Desktop\\Ponnobd Laravel\\vendor\\laravel\\framework\\src\\Illuminate\\Foundation\\Support\\Providers\\RouteServiceProvider.php(120): Illuminate\\Container\\Container->call(Object(Closure))
#12 C:\\Users\\Pentanik IT\\Desktop\\Ponnobd Laravel\\vendor\\laravel\\framework\\src\\Illuminate\\Foundation\\Support\\Providers\\RouteServiceProvider.php(45): Illuminate\\Foundation\\Support\\Providers\\RouteServiceProvider->loadRoutes()
#13 C:\\Users\\Pentanik IT\\Desktop\\Ponnobd Laravel\\vendor\\laravel\\framework\\src\\Illuminate\\Container\\BoundMethod.php(36): Illuminate\\Foundation\\Support\\Providers\\RouteServiceProvider->Illuminate\\Foundation\\Support\\Providers\\{closure}()
#14 C:\\Users\\Pentanik IT\\Desktop\\Ponnobd Laravel\\vendor\\laravel\\framework\\src\\Illuminate\\Container\\Util.php(41): Illuminate\\Container\\BoundMethod::Illuminate\\Container\\{closure}()
#15 C:\\Users\\Pentanik IT\\Desktop\\Ponnobd Laravel\\vendor\\laravel\\framework\\src\\Illuminate\\Container\\BoundMethod.php(81): Illuminate\\Container\\Util::unwrapIfClosure(Object(Closure))
#16 C:\\Users\\Pentanik IT\\Desktop\\Ponnobd Laravel\\vendor\\laravel\\framework\\src\\Illuminate\\Container\\BoundMethod.php(35): Illuminate\\Container\\BoundMethod::callBoundMethod(Object(Illuminate\\Foundation\\Application), Object(Closure), Object(Closure))
#17 C:\\Users\\Pentanik IT\\Desktop\\Ponnobd Laravel\\vendor\\laravel\\framework\\src\\Illuminate\\Container\\Container.php(662): Illuminate\\Container\\BoundMethod::call(Object(Illuminate\\Foundation\\Application), Object(Closure), Array, NULL)
#18 C:\\Users\\Pentanik IT\\Desktop\\Ponnobd Laravel\\vendor\\laravel\\framework\\src\\Illuminate\\Support\\ServiceProvider.php(119): Illuminate\\Container\\Container->call(Object(Closure))
#19 C:\\Users\\Pentanik IT\\Desktop\\Ponnobd Laravel\\vendor\\laravel\\framework\\src\\Illuminate\\Foundation\\Application.php(1037): Illuminate\\Support\\ServiceProvider->callBootedCallbacks()
#20 C:\\Users\\Pentanik IT\\Desktop\\Ponnobd Laravel\\vendor\\laravel\\framework\\src\\Illuminate\\Foundation\\Application.php(1015): Illuminate\\Foundation\\Application->bootProvider(Object(App\\Providers\\RouteServiceProvider))
#21 [internal function]: Illuminate\\Foundation\\Application->Illuminate\\Foundation\\{closure}(Object(App\\Providers\\RouteServiceProvider), 34)
#22 C:\\Users\\Pentanik IT\\Desktop\\Ponnobd Laravel\\vendor\\laravel\\framework\\src\\Illuminate\\Foundation\\Application.php(1014): array_walk(Array, Object(Closure))
#23 C:\\Users\\Pentanik IT\\Desktop\\Ponnobd Laravel\\vendor\\laravel\\framework\\src\\Illuminate\\Foundation\\Bootstrap\\BootProviders.php(17): Illuminate\\Foundation\\Application->boot()
#24 C:\\Users\\Pentanik IT\\Desktop\\Ponnobd Laravel\\vendor\\laravel\\framework\\src\\Illuminate\\Foundation\\Application.php(263): Illuminate\\Foundation\\Bootstrap\\BootProviders->bootstrap(Object(Illuminate\\Foundation\\Application))
#25 C:\\Users\\Pentanik IT\\Desktop\\Ponnobd Laravel\\vendor\\laravel\\framework\\src\\Illuminate\\Foundation\\Console\\Kernel.php(447): Illuminate\\Foundation\\Application->bootstrapWith(Array)
#26 C:\\Users\\Pentanik IT\\Desktop\\Ponnobd Laravel\\vendor\\laravel\\framework\\src\\Illuminate\\Foundation\\Console\\Kernel.php(199): Illuminate\\Foundation\\Console\\Kernel->bootstrap()
#27 Command line code(1): Illuminate\\Foundation\\Console\\Kernel->handle(Object(Symfony\\Component\\Console\\Input\\ArgvInput), Object(Symfony\\Component\\Console\\Output\\ConsoleOutput))
#28 {main}
"} 
[2025-08-24 10:42:19] local.ERROR: Call to undefined method Livewire\LivewireManager::routes() {"exception":"[object] (Error(code: 0): Call to undefined method Livewire\\LivewireManager::routes() at C:\\Users\\Pentanik IT\\Desktop\\Ponnobd Laravel\\vendor\\laravel\\framework\\src\\Illuminate\\Support\\Facades\\Facade.php:355)
[stacktrace]
#0 C:\\Users\\Pentanik IT\\Desktop\\Ponnobd Laravel\\routes\\web.php(71): Illuminate\\Support\\Facades\\Facade::__callStatic('routes', Array)
#1 C:\\Users\\Pentanik IT\\Desktop\\Ponnobd Laravel\\vendor\\laravel\\framework\\src\\Illuminate\\Routing\\RouteFileRegistrar.php(35): require('C:\\\\Users\\\\Pentan...')
#2 C:\\Users\\Pentanik IT\\Desktop\\Ponnobd Laravel\\vendor\\laravel\\framework\\src\\Illuminate\\Routing\\Router.php(511): Illuminate\\Routing\\RouteFileRegistrar->register('C:\\\\Users\\\\Pentan...')
#3 C:\\Users\\Pentanik IT\\Desktop\\Ponnobd Laravel\\vendor\\laravel\\framework\\src\\Illuminate\\Routing\\Router.php(465): Illuminate\\Routing\\Router->loadRoutes('C:\\\\Users\\\\Pentan...')
#4 C:\\Users\\Pentanik IT\\Desktop\\Ponnobd Laravel\\vendor\\laravel\\framework\\src\\Illuminate\\Routing\\RouteRegistrar.php(194): Illuminate\\Routing\\Router->group(Array, 'C:\\\\Users\\\\Pentan...')
#5 C:\\Users\\Pentanik IT\\Desktop\\Ponnobd Laravel\\app\\Providers\\RouteServiceProvider.php(41): Illuminate\\Routing\\RouteRegistrar->group('C:\\\\Users\\\\Pentan...')
#6 C:\\Users\\Pentanik IT\\Desktop\\Ponnobd Laravel\\vendor\\laravel\\framework\\src\\Illuminate\\Container\\BoundMethod.php(36): App\\Providers\\RouteServiceProvider->App\\Providers\\{closure}()
#7 C:\\Users\\Pentanik IT\\Desktop\\Ponnobd Laravel\\vendor\\laravel\\framework\\src\\Illuminate\\Container\\Util.php(41): Illuminate\\Container\\BoundMethod::Illuminate\\Container\\{closure}()
#8 C:\\Users\\Pentanik IT\\Desktop\\Ponnobd Laravel\\vendor\\laravel\\framework\\src\\Illuminate\\Container\\BoundMethod.php(81): Illuminate\\Container\\Util::unwrapIfClosure(Object(Closure))
#9 C:\\Users\\Pentanik IT\\Desktop\\Ponnobd Laravel\\vendor\\laravel\\framework\\src\\Illuminate\\Container\\BoundMethod.php(35): Illuminate\\Container\\BoundMethod::callBoundMethod(Object(Illuminate\\Foundation\\Application), Object(Closure), Object(Closure))
#10 C:\\Users\\Pentanik IT\\Desktop\\Ponnobd Laravel\\vendor\\laravel\\framework\\src\\Illuminate\\Container\\Container.php(662): Illuminate\\Container\\BoundMethod::call(Object(Illuminate\\Foundation\\Application), Object(Closure), Array, NULL)
#11 C:\\Users\\Pentanik IT\\Desktop\\Ponnobd Laravel\\vendor\\laravel\\framework\\src\\Illuminate\\Foundation\\Support\\Providers\\RouteServiceProvider.php(120): Illuminate\\Container\\Container->call(Object(Closure))
#12 C:\\Users\\Pentanik IT\\Desktop\\Ponnobd Laravel\\vendor\\laravel\\framework\\src\\Illuminate\\Foundation\\Support\\Providers\\RouteServiceProvider.php(45): Illuminate\\Foundation\\Support\\Providers\\RouteServiceProvider->loadRoutes()
#13 C:\\Users\\Pentanik IT\\Desktop\\Ponnobd Laravel\\vendor\\laravel\\framework\\src\\Illuminate\\Container\\BoundMethod.php(36): Illuminate\\Foundation\\Support\\Providers\\RouteServiceProvider->Illuminate\\Foundation\\Support\\Providers\\{closure}()
#14 C:\\Users\\Pentanik IT\\Desktop\\Ponnobd Laravel\\vendor\\laravel\\framework\\src\\Illuminate\\Container\\Util.php(41): Illuminate\\Container\\BoundMethod::Illuminate\\Container\\{closure}()
#15 C:\\Users\\Pentanik IT\\Desktop\\Ponnobd Laravel\\vendor\\laravel\\framework\\src\\Illuminate\\Container\\BoundMethod.php(81): Illuminate\\Container\\Util::unwrapIfClosure(Object(Closure))
#16 C:\\Users\\Pentanik IT\\Desktop\\Ponnobd Laravel\\vendor\\laravel\\framework\\src\\Illuminate\\Container\\BoundMethod.php(35): Illuminate\\Container\\BoundMethod::callBoundMethod(Object(Illuminate\\Foundation\\Application), Object(Closure), Object(Closure))
#17 C:\\Users\\Pentanik IT\\Desktop\\Ponnobd Laravel\\vendor\\laravel\\framework\\src\\Illuminate\\Container\\Container.php(662): Illuminate\\Container\\BoundMethod::call(Object(Illuminate\\Foundation\\Application), Object(Closure), Array, NULL)
#18 C:\\Users\\Pentanik IT\\Desktop\\Ponnobd Laravel\\vendor\\laravel\\framework\\src\\Illuminate\\Support\\ServiceProvider.php(119): Illuminate\\Container\\Container->call(Object(Closure))
#19 C:\\Users\\Pentanik IT\\Desktop\\Ponnobd Laravel\\vendor\\laravel\\framework\\src\\Illuminate\\Foundation\\Application.php(1037): Illuminate\\Support\\ServiceProvider->callBootedCallbacks()
#20 C:\\Users\\Pentanik IT\\Desktop\\Ponnobd Laravel\\vendor\\laravel\\framework\\src\\Illuminate\\Foundation\\Application.php(1015): Illuminate\\Foundation\\Application->bootProvider(Object(App\\Providers\\RouteServiceProvider))
#21 [internal function]: Illuminate\\Foundation\\Application->Illuminate\\Foundation\\{closure}(Object(App\\Providers\\RouteServiceProvider), 34)
#22 C:\\Users\\Pentanik IT\\Desktop\\Ponnobd Laravel\\vendor\\laravel\\framework\\src\\Illuminate\\Foundation\\Application.php(1014): array_walk(Array, Object(Closure))
#23 C:\\Users\\Pentanik IT\\Desktop\\Ponnobd Laravel\\vendor\\laravel\\framework\\src\\Illuminate\\Foundation\\Bootstrap\\BootProviders.php(17): Illuminate\\Foundation\\Application->boot()
#24 C:\\Users\\Pentanik IT\\Desktop\\Ponnobd Laravel\\vendor\\laravel\\framework\\src\\Illuminate\\Foundation\\Application.php(263): Illuminate\\Foundation\\Bootstrap\\BootProviders->bootstrap(Object(Illuminate\\Foundation\\Application))
#25 C:\\Users\\Pentanik IT\\Desktop\\Ponnobd Laravel\\vendor\\laravel\\framework\\src\\Illuminate\\Foundation\\Console\\Kernel.php(447): Illuminate\\Foundation\\Application->bootstrapWith(Array)
#26 C:\\Users\\Pentanik IT\\Desktop\\Ponnobd Laravel\\vendor\\laravel\\framework\\src\\Illuminate\\Foundation\\Console\\Kernel.php(199): Illuminate\\Foundation\\Console\\Kernel->bootstrap()
#27 Command line code(1): Illuminate\\Foundation\\Console\\Kernel->handle(Object(Symfony\\Component\\Console\\Input\\ArgvInput), Object(Symfony\\Component\\Console\\Output\\ConsoleOutput))
#28 {main}
"} 
[2025-08-24 10:42:19] local.ERROR: Call to undefined method Livewire\LivewireManager::routes() {"exception":"[object] (Error(code: 0): Call to undefined method Livewire\\LivewireManager::routes() at C:\\Users\\Pentanik IT\\Desktop\\Ponnobd Laravel\\vendor\\laravel\\framework\\src\\Illuminate\\Support\\Facades\\Facade.php:355)
[stacktrace]
#0 C:\\Users\\Pentanik IT\\Desktop\\Ponnobd Laravel\\routes\\web.php(71): Illuminate\\Support\\Facades\\Facade::__callStatic('routes', Array)
#1 C:\\Users\\Pentanik IT\\Desktop\\Ponnobd Laravel\\vendor\\laravel\\framework\\src\\Illuminate\\Routing\\RouteFileRegistrar.php(35): require('C:\\\\Users\\\\Pentan...')
#2 C:\\Users\\Pentanik IT\\Desktop\\Ponnobd Laravel\\vendor\\laravel\\framework\\src\\Illuminate\\Routing\\Router.php(511): Illuminate\\Routing\\RouteFileRegistrar->register('C:\\\\Users\\\\Pentan...')
#3 C:\\Users\\Pentanik IT\\Desktop\\Ponnobd Laravel\\vendor\\laravel\\framework\\src\\Illuminate\\Routing\\Router.php(465): Illuminate\\Routing\\Router->loadRoutes('C:\\\\Users\\\\Pentan...')
#4 C:\\Users\\Pentanik IT\\Desktop\\Ponnobd Laravel\\vendor\\laravel\\framework\\src\\Illuminate\\Routing\\RouteRegistrar.php(194): Illuminate\\Routing\\Router->group(Array, 'C:\\\\Users\\\\Pentan...')
#5 C:\\Users\\Pentanik IT\\Desktop\\Ponnobd Laravel\\app\\Providers\\RouteServiceProvider.php(41): Illuminate\\Routing\\RouteRegistrar->group('C:\\\\Users\\\\Pentan...')
#6 C:\\Users\\Pentanik IT\\Desktop\\Ponnobd Laravel\\vendor\\laravel\\framework\\src\\Illuminate\\Container\\BoundMethod.php(36): App\\Providers\\RouteServiceProvider->App\\Providers\\{closure}()
#7 C:\\Users\\Pentanik IT\\Desktop\\Ponnobd Laravel\\vendor\\laravel\\framework\\src\\Illuminate\\Container\\Util.php(41): Illuminate\\Container\\BoundMethod::Illuminate\\Container\\{closure}()
#8 C:\\Users\\Pentanik IT\\Desktop\\Ponnobd Laravel\\vendor\\laravel\\framework\\src\\Illuminate\\Container\\BoundMethod.php(81): Illuminate\\Container\\Util::unwrapIfClosure(Object(Closure))
#9 C:\\Users\\Pentanik IT\\Desktop\\Ponnobd Laravel\\vendor\\laravel\\framework\\src\\Illuminate\\Container\\BoundMethod.php(35): Illuminate\\Container\\BoundMethod::callBoundMethod(Object(Illuminate\\Foundation\\Application), Object(Closure), Object(Closure))
#10 C:\\Users\\Pentanik IT\\Desktop\\Ponnobd Laravel\\vendor\\laravel\\framework\\src\\Illuminate\\Container\\Container.php(662): Illuminate\\Container\\BoundMethod::call(Object(Illuminate\\Foundation\\Application), Object(Closure), Array, NULL)
#11 C:\\Users\\Pentanik IT\\Desktop\\Ponnobd Laravel\\vendor\\laravel\\framework\\src\\Illuminate\\Foundation\\Support\\Providers\\RouteServiceProvider.php(120): Illuminate\\Container\\Container->call(Object(Closure))
#12 C:\\Users\\Pentanik IT\\Desktop\\Ponnobd Laravel\\vendor\\laravel\\framework\\src\\Illuminate\\Foundation\\Support\\Providers\\RouteServiceProvider.php(45): Illuminate\\Foundation\\Support\\Providers\\RouteServiceProvider->loadRoutes()
#13 C:\\Users\\Pentanik IT\\Desktop\\Ponnobd Laravel\\vendor\\laravel\\framework\\src\\Illuminate\\Container\\BoundMethod.php(36): Illuminate\\Foundation\\Support\\Providers\\RouteServiceProvider->Illuminate\\Foundation\\Support\\Providers\\{closure}()
#14 C:\\Users\\Pentanik IT\\Desktop\\Ponnobd Laravel\\vendor\\laravel\\framework\\src\\Illuminate\\Container\\Util.php(41): Illuminate\\Container\\BoundMethod::Illuminate\\Container\\{closure}()
#15 C:\\Users\\Pentanik IT\\Desktop\\Ponnobd Laravel\\vendor\\laravel\\framework\\src\\Illuminate\\Container\\BoundMethod.php(81): Illuminate\\Container\\Util::unwrapIfClosure(Object(Closure))
#16 C:\\Users\\Pentanik IT\\Desktop\\Ponnobd Laravel\\vendor\\laravel\\framework\\src\\Illuminate\\Container\\BoundMethod.php(35): Illuminate\\Container\\BoundMethod::callBoundMethod(Object(Illuminate\\Foundation\\Application), Object(Closure), Object(Closure))
#17 C:\\Users\\Pentanik IT\\Desktop\\Ponnobd Laravel\\vendor\\laravel\\framework\\src\\Illuminate\\Container\\Container.php(662): Illuminate\\Container\\BoundMethod::call(Object(Illuminate\\Foundation\\Application), Object(Closure), Array, NULL)
#18 C:\\Users\\Pentanik IT\\Desktop\\Ponnobd Laravel\\vendor\\laravel\\framework\\src\\Illuminate\\Support\\ServiceProvider.php(119): Illuminate\\Container\\Container->call(Object(Closure))
#19 C:\\Users\\Pentanik IT\\Desktop\\Ponnobd Laravel\\vendor\\laravel\\framework\\src\\Illuminate\\Foundation\\Application.php(1037): Illuminate\\Support\\ServiceProvider->callBootedCallbacks()
#20 C:\\Users\\Pentanik IT\\Desktop\\Ponnobd Laravel\\vendor\\laravel\\framework\\src\\Illuminate\\Foundation\\Application.php(1015): Illuminate\\Foundation\\Application->bootProvider(Object(App\\Providers\\RouteServiceProvider))
#21 [internal function]: Illuminate\\Foundation\\Application->Illuminate\\Foundation\\{closure}(Object(App\\Providers\\RouteServiceProvider), 34)
#22 C:\\Users\\Pentanik IT\\Desktop\\Ponnobd Laravel\\vendor\\laravel\\framework\\src\\Illuminate\\Foundation\\Application.php(1014): array_walk(Array, Object(Closure))
#23 C:\\Users\\Pentanik IT\\Desktop\\Ponnobd Laravel\\vendor\\laravel\\framework\\src\\Illuminate\\Foundation\\Bootstrap\\BootProviders.php(17): Illuminate\\Foundation\\Application->boot()
#24 C:\\Users\\Pentanik IT\\Desktop\\Ponnobd Laravel\\vendor\\laravel\\framework\\src\\Illuminate\\Foundation\\Application.php(263): Illuminate\\Foundation\\Bootstrap\\BootProviders->bootstrap(Object(Illuminate\\Foundation\\Application))
#25 C:\\Users\\Pentanik IT\\Desktop\\Ponnobd Laravel\\vendor\\laravel\\framework\\src\\Illuminate\\Foundation\\Console\\Kernel.php(447): Illuminate\\Foundation\\Application->bootstrapWith(Array)
#26 C:\\Users\\Pentanik IT\\Desktop\\Ponnobd Laravel\\vendor\\laravel\\framework\\src\\Illuminate\\Foundation\\Console\\Kernel.php(199): Illuminate\\Foundation\\Console\\Kernel->bootstrap()
#27 Command line code(1): Illuminate\\Foundation\\Console\\Kernel->handle(Object(Symfony\\Component\\Console\\Input\\ArgvInput), Object(Symfony\\Component\\Console\\Output\\ConsoleOutput))
#28 {main}
"} 
[2025-08-24 10:43:17] local.ERROR: Call to undefined method Livewire\LivewireManager::routes() {"exception":"[object] (Error(code: 0): Call to undefined method Livewire\\LivewireManager::routes() at C:\\Users\\Pentanik IT\\Desktop\\Ponnobd Laravel\\vendor\\laravel\\framework\\src\\Illuminate\\Support\\Facades\\Facade.php:355)
[stacktrace]
#0 C:\\Users\\Pentanik IT\\Desktop\\Ponnobd Laravel\\routes\\web.php(71): Illuminate\\Support\\Facades\\Facade::__callStatic('routes', Array)
#1 C:\\Users\\Pentanik IT\\Desktop\\Ponnobd Laravel\\vendor\\laravel\\framework\\src\\Illuminate\\Routing\\RouteFileRegistrar.php(35): require('C:\\\\Users\\\\Pentan...')
#2 C:\\Users\\Pentanik IT\\Desktop\\Ponnobd Laravel\\vendor\\laravel\\framework\\src\\Illuminate\\Routing\\Router.php(511): Illuminate\\Routing\\RouteFileRegistrar->register('C:\\\\Users\\\\Pentan...')
#3 C:\\Users\\Pentanik IT\\Desktop\\Ponnobd Laravel\\vendor\\laravel\\framework\\src\\Illuminate\\Routing\\Router.php(465): Illuminate\\Routing\\Router->loadRoutes('C:\\\\Users\\\\Pentan...')
#4 C:\\Users\\Pentanik IT\\Desktop\\Ponnobd Laravel\\vendor\\laravel\\framework\\src\\Illuminate\\Routing\\RouteRegistrar.php(194): Illuminate\\Routing\\Router->group(Array, 'C:\\\\Users\\\\Pentan...')
#5 C:\\Users\\Pentanik IT\\Desktop\\Ponnobd Laravel\\app\\Providers\\RouteServiceProvider.php(41): Illuminate\\Routing\\RouteRegistrar->group('C:\\\\Users\\\\Pentan...')
#6 C:\\Users\\Pentanik IT\\Desktop\\Ponnobd Laravel\\vendor\\laravel\\framework\\src\\Illuminate\\Container\\BoundMethod.php(36): App\\Providers\\RouteServiceProvider->App\\Providers\\{closure}()
#7 C:\\Users\\Pentanik IT\\Desktop\\Ponnobd Laravel\\vendor\\laravel\\framework\\src\\Illuminate\\Container\\Util.php(41): Illuminate\\Container\\BoundMethod::Illuminate\\Container\\{closure}()
#8 C:\\Users\\Pentanik IT\\Desktop\\Ponnobd Laravel\\vendor\\laravel\\framework\\src\\Illuminate\\Container\\BoundMethod.php(81): Illuminate\\Container\\Util::unwrapIfClosure(Object(Closure))
#9 C:\\Users\\Pentanik IT\\Desktop\\Ponnobd Laravel\\vendor\\laravel\\framework\\src\\Illuminate\\Container\\BoundMethod.php(35): Illuminate\\Container\\BoundMethod::callBoundMethod(Object(Illuminate\\Foundation\\Application), Object(Closure), Object(Closure))
#10 C:\\Users\\Pentanik IT\\Desktop\\Ponnobd Laravel\\vendor\\laravel\\framework\\src\\Illuminate\\Container\\Container.php(662): Illuminate\\Container\\BoundMethod::call(Object(Illuminate\\Foundation\\Application), Object(Closure), Array, NULL)
#11 C:\\Users\\Pentanik IT\\Desktop\\Ponnobd Laravel\\vendor\\laravel\\framework\\src\\Illuminate\\Foundation\\Support\\Providers\\RouteServiceProvider.php(120): Illuminate\\Container\\Container->call(Object(Closure))
#12 C:\\Users\\Pentanik IT\\Desktop\\Ponnobd Laravel\\vendor\\laravel\\framework\\src\\Illuminate\\Foundation\\Support\\Providers\\RouteServiceProvider.php(45): Illuminate\\Foundation\\Support\\Providers\\RouteServiceProvider->loadRoutes()
#13 C:\\Users\\Pentanik IT\\Desktop\\Ponnobd Laravel\\vendor\\laravel\\framework\\src\\Illuminate\\Container\\BoundMethod.php(36): Illuminate\\Foundation\\Support\\Providers\\RouteServiceProvider->Illuminate\\Foundation\\Support\\Providers\\{closure}()
#14 C:\\Users\\Pentanik IT\\Desktop\\Ponnobd Laravel\\vendor\\laravel\\framework\\src\\Illuminate\\Container\\Util.php(41): Illuminate\\Container\\BoundMethod::Illuminate\\Container\\{closure}()
#15 C:\\Users\\Pentanik IT\\Desktop\\Ponnobd Laravel\\vendor\\laravel\\framework\\src\\Illuminate\\Container\\BoundMethod.php(81): Illuminate\\Container\\Util::unwrapIfClosure(Object(Closure))
#16 C:\\Users\\Pentanik IT\\Desktop\\Ponnobd Laravel\\vendor\\laravel\\framework\\src\\Illuminate\\Container\\BoundMethod.php(35): Illuminate\\Container\\BoundMethod::callBoundMethod(Object(Illuminate\\Foundation\\Application), Object(Closure), Object(Closure))
#17 C:\\Users\\Pentanik IT\\Desktop\\Ponnobd Laravel\\vendor\\laravel\\framework\\src\\Illuminate\\Container\\Container.php(662): Illuminate\\Container\\BoundMethod::call(Object(Illuminate\\Foundation\\Application), Object(Closure), Array, NULL)
#18 C:\\Users\\Pentanik IT\\Desktop\\Ponnobd Laravel\\vendor\\laravel\\framework\\src\\Illuminate\\Support\\ServiceProvider.php(119): Illuminate\\Container\\Container->call(Object(Closure))
#19 C:\\Users\\Pentanik IT\\Desktop\\Ponnobd Laravel\\vendor\\laravel\\framework\\src\\Illuminate\\Foundation\\Application.php(1037): Illuminate\\Support\\ServiceProvider->callBootedCallbacks()
#20 C:\\Users\\Pentanik IT\\Desktop\\Ponnobd Laravel\\vendor\\laravel\\framework\\src\\Illuminate\\Foundation\\Application.php(1015): Illuminate\\Foundation\\Application->bootProvider(Object(App\\Providers\\RouteServiceProvider))
#21 [internal function]: Illuminate\\Foundation\\Application->Illuminate\\Foundation\\{closure}(Object(App\\Providers\\RouteServiceProvider), 33)
#22 C:\\Users\\Pentanik IT\\Desktop\\Ponnobd Laravel\\vendor\\laravel\\framework\\src\\Illuminate\\Foundation\\Application.php(1014): array_walk(Array, Object(Closure))
#23 C:\\Users\\Pentanik IT\\Desktop\\Ponnobd Laravel\\vendor\\laravel\\framework\\src\\Illuminate\\Foundation\\Bootstrap\\BootProviders.php(17): Illuminate\\Foundation\\Application->boot()
#24 C:\\Users\\Pentanik IT\\Desktop\\Ponnobd Laravel\\vendor\\laravel\\framework\\src\\Illuminate\\Foundation\\Application.php(263): Illuminate\\Foundation\\Bootstrap\\BootProviders->bootstrap(Object(Illuminate\\Foundation\\Application))
#25 C:\\Users\\Pentanik IT\\Desktop\\Ponnobd Laravel\\vendor\\laravel\\framework\\src\\Illuminate\\Foundation\\Http\\Kernel.php(186): Illuminate\\Foundation\\Application->bootstrapWith(Array)
#26 C:\\Users\\Pentanik IT\\Desktop\\Ponnobd Laravel\\vendor\\laravel\\framework\\src\\Illuminate\\Foundation\\Http\\Kernel.php(170): Illuminate\\Foundation\\Http\\Kernel->bootstrap()
#27 C:\\Users\\Pentanik IT\\Desktop\\Ponnobd Laravel\\vendor\\laravel\\framework\\src\\Illuminate\\Foundation\\Http\\Kernel.php(144): Illuminate\\Foundation\\Http\\Kernel->sendRequestThroughRouter(Object(Illuminate\\Http\\Request))
#28 C:\\Users\\Pentanik IT\\Desktop\\Ponnobd Laravel\\public\\index.php(58): Illuminate\\Foundation\\Http\\Kernel->handle(Object(Illuminate\\Http\\Request))
#29 C:\\Users\\Pentanik IT\\Desktop\\Ponnobd Laravel\\vendor\\laravel\\framework\\src\\Illuminate\\Foundation\\resources\\server.php(16): require_once('C:\\\\Users\\\\Pentan...')
#30 {main}
"} 
[2025-08-24 10:43:18] local.ERROR: Call to undefined method Livewire\LivewireManager::routes() {"exception":"[object] (Error(code: 0): Call to undefined method Livewire\\LivewireManager::routes() at C:\\Users\\Pentanik IT\\Desktop\\Ponnobd Laravel\\vendor\\laravel\\framework\\src\\Illuminate\\Support\\Facades\\Facade.php:355)
[stacktrace]
#0 C:\\Users\\Pentanik IT\\Desktop\\Ponnobd Laravel\\routes\\web.php(71): Illuminate\\Support\\Facades\\Facade::__callStatic('routes', Array)
#1 C:\\Users\\Pentanik IT\\Desktop\\Ponnobd Laravel\\vendor\\laravel\\framework\\src\\Illuminate\\Routing\\RouteFileRegistrar.php(35): require('C:\\\\Users\\\\Pentan...')
#2 C:\\Users\\Pentanik IT\\Desktop\\Ponnobd Laravel\\vendor\\laravel\\framework\\src\\Illuminate\\Routing\\Router.php(511): Illuminate\\Routing\\RouteFileRegistrar->register('C:\\\\Users\\\\Pentan...')
#3 C:\\Users\\Pentanik IT\\Desktop\\Ponnobd Laravel\\vendor\\laravel\\framework\\src\\Illuminate\\Routing\\Router.php(465): Illuminate\\Routing\\Router->loadRoutes('C:\\\\Users\\\\Pentan...')
#4 C:\\Users\\Pentanik IT\\Desktop\\Ponnobd Laravel\\vendor\\laravel\\framework\\src\\Illuminate\\Routing\\RouteRegistrar.php(194): Illuminate\\Routing\\Router->group(Array, 'C:\\\\Users\\\\Pentan...')
#5 C:\\Users\\Pentanik IT\\Desktop\\Ponnobd Laravel\\app\\Providers\\RouteServiceProvider.php(41): Illuminate\\Routing\\RouteRegistrar->group('C:\\\\Users\\\\Pentan...')
#6 C:\\Users\\Pentanik IT\\Desktop\\Ponnobd Laravel\\vendor\\laravel\\framework\\src\\Illuminate\\Container\\BoundMethod.php(36): App\\Providers\\RouteServiceProvider->App\\Providers\\{closure}()
#7 C:\\Users\\Pentanik IT\\Desktop\\Ponnobd Laravel\\vendor\\laravel\\framework\\src\\Illuminate\\Container\\Util.php(41): Illuminate\\Container\\BoundMethod::Illuminate\\Container\\{closure}()
#8 C:\\Users\\Pentanik IT\\Desktop\\Ponnobd Laravel\\vendor\\laravel\\framework\\src\\Illuminate\\Container\\BoundMethod.php(81): Illuminate\\Container\\Util::unwrapIfClosure(Object(Closure))
#9 C:\\Users\\Pentanik IT\\Desktop\\Ponnobd Laravel\\vendor\\laravel\\framework\\src\\Illuminate\\Container\\BoundMethod.php(35): Illuminate\\Container\\BoundMethod::callBoundMethod(Object(Illuminate\\Foundation\\Application), Object(Closure), Object(Closure))
#10 C:\\Users\\Pentanik IT\\Desktop\\Ponnobd Laravel\\vendor\\laravel\\framework\\src\\Illuminate\\Container\\Container.php(662): Illuminate\\Container\\BoundMethod::call(Object(Illuminate\\Foundation\\Application), Object(Closure), Array, NULL)
#11 C:\\Users\\Pentanik IT\\Desktop\\Ponnobd Laravel\\vendor\\laravel\\framework\\src\\Illuminate\\Foundation\\Support\\Providers\\RouteServiceProvider.php(120): Illuminate\\Container\\Container->call(Object(Closure))
#12 C:\\Users\\Pentanik IT\\Desktop\\Ponnobd Laravel\\vendor\\laravel\\framework\\src\\Illuminate\\Foundation\\Support\\Providers\\RouteServiceProvider.php(45): Illuminate\\Foundation\\Support\\Providers\\RouteServiceProvider->loadRoutes()
#13 C:\\Users\\Pentanik IT\\Desktop\\Ponnobd Laravel\\vendor\\laravel\\framework\\src\\Illuminate\\Container\\BoundMethod.php(36): Illuminate\\Foundation\\Support\\Providers\\RouteServiceProvider->Illuminate\\Foundation\\Support\\Providers\\{closure}()
#14 C:\\Users\\Pentanik IT\\Desktop\\Ponnobd Laravel\\vendor\\laravel\\framework\\src\\Illuminate\\Container\\Util.php(41): Illuminate\\Container\\BoundMethod::Illuminate\\Container\\{closure}()
#15 C:\\Users\\Pentanik IT\\Desktop\\Ponnobd Laravel\\vendor\\laravel\\framework\\src\\Illuminate\\Container\\BoundMethod.php(81): Illuminate\\Container\\Util::unwrapIfClosure(Object(Closure))
#16 C:\\Users\\Pentanik IT\\Desktop\\Ponnobd Laravel\\vendor\\laravel\\framework\\src\\Illuminate\\Container\\BoundMethod.php(35): Illuminate\\Container\\BoundMethod::callBoundMethod(Object(Illuminate\\Foundation\\Application), Object(Closure), Object(Closure))
#17 C:\\Users\\Pentanik IT\\Desktop\\Ponnobd Laravel\\vendor\\laravel\\framework\\src\\Illuminate\\Container\\Container.php(662): Illuminate\\Container\\BoundMethod::call(Object(Illuminate\\Foundation\\Application), Object(Closure), Array, NULL)
#18 C:\\Users\\Pentanik IT\\Desktop\\Ponnobd Laravel\\vendor\\laravel\\framework\\src\\Illuminate\\Support\\ServiceProvider.php(119): Illuminate\\Container\\Container->call(Object(Closure))
#19 C:\\Users\\Pentanik IT\\Desktop\\Ponnobd Laravel\\vendor\\laravel\\framework\\src\\Illuminate\\Foundation\\Application.php(1037): Illuminate\\Support\\ServiceProvider->callBootedCallbacks()
#20 C:\\Users\\Pentanik IT\\Desktop\\Ponnobd Laravel\\vendor\\laravel\\framework\\src\\Illuminate\\Foundation\\Application.php(1015): Illuminate\\Foundation\\Application->bootProvider(Object(App\\Providers\\RouteServiceProvider))
#21 [internal function]: Illuminate\\Foundation\\Application->Illuminate\\Foundation\\{closure}(Object(App\\Providers\\RouteServiceProvider), 33)
#22 C:\\Users\\Pentanik IT\\Desktop\\Ponnobd Laravel\\vendor\\laravel\\framework\\src\\Illuminate\\Foundation\\Application.php(1014): array_walk(Array, Object(Closure))
#23 C:\\Users\\Pentanik IT\\Desktop\\Ponnobd Laravel\\vendor\\laravel\\framework\\src\\Illuminate\\Foundation\\Bootstrap\\BootProviders.php(17): Illuminate\\Foundation\\Application->boot()
#24 C:\\Users\\Pentanik IT\\Desktop\\Ponnobd Laravel\\vendor\\laravel\\framework\\src\\Illuminate\\Foundation\\Application.php(263): Illuminate\\Foundation\\Bootstrap\\BootProviders->bootstrap(Object(Illuminate\\Foundation\\Application))
#25 C:\\Users\\Pentanik IT\\Desktop\\Ponnobd Laravel\\vendor\\laravel\\framework\\src\\Illuminate\\Foundation\\Http\\Kernel.php(186): Illuminate\\Foundation\\Application->bootstrapWith(Array)
#26 C:\\Users\\Pentanik IT\\Desktop\\Ponnobd Laravel\\vendor\\laravel\\framework\\src\\Illuminate\\Foundation\\Http\\Kernel.php(170): Illuminate\\Foundation\\Http\\Kernel->bootstrap()
#27 C:\\Users\\Pentanik IT\\Desktop\\Ponnobd Laravel\\vendor\\laravel\\framework\\src\\Illuminate\\Foundation\\Http\\Kernel.php(144): Illuminate\\Foundation\\Http\\Kernel->sendRequestThroughRouter(Object(Illuminate\\Http\\Request))
#28 C:\\Users\\Pentanik IT\\Desktop\\Ponnobd Laravel\\public\\index.php(58): Illuminate\\Foundation\\Http\\Kernel->handle(Object(Illuminate\\Http\\Request))
#29 C:\\Users\\Pentanik IT\\Desktop\\Ponnobd Laravel\\vendor\\laravel\\framework\\src\\Illuminate\\Foundation\\resources\\server.php(16): require_once('C:\\\\Users\\\\Pentan...')
#30 {main}
"} 
[2025-08-24 10:43:20] local.ERROR: Call to undefined method Livewire\LivewireManager::routes() {"exception":"[object] (Error(code: 0): Call to undefined method Livewire\\LivewireManager::routes() at C:\\Users\\Pentanik IT\\Desktop\\Ponnobd Laravel\\vendor\\laravel\\framework\\src\\Illuminate\\Support\\Facades\\Facade.php:355)
[stacktrace]
#0 C:\\Users\\Pentanik IT\\Desktop\\Ponnobd Laravel\\routes\\web.php(71): Illuminate\\Support\\Facades\\Facade::__callStatic('routes', Array)
#1 C:\\Users\\Pentanik IT\\Desktop\\Ponnobd Laravel\\vendor\\laravel\\framework\\src\\Illuminate\\Routing\\RouteFileRegistrar.php(35): require('C:\\\\Users\\\\Pentan...')
#2 C:\\Users\\Pentanik IT\\Desktop\\Ponnobd Laravel\\vendor\\laravel\\framework\\src\\Illuminate\\Routing\\Router.php(511): Illuminate\\Routing\\RouteFileRegistrar->register('C:\\\\Users\\\\Pentan...')
#3 C:\\Users\\Pentanik IT\\Desktop\\Ponnobd Laravel\\vendor\\laravel\\framework\\src\\Illuminate\\Routing\\Router.php(465): Illuminate\\Routing\\Router->loadRoutes('C:\\\\Users\\\\Pentan...')
#4 C:\\Users\\Pentanik IT\\Desktop\\Ponnobd Laravel\\vendor\\laravel\\framework\\src\\Illuminate\\Routing\\RouteRegistrar.php(194): Illuminate\\Routing\\Router->group(Array, 'C:\\\\Users\\\\Pentan...')
#5 C:\\Users\\Pentanik IT\\Desktop\\Ponnobd Laravel\\app\\Providers\\RouteServiceProvider.php(41): Illuminate\\Routing\\RouteRegistrar->group('C:\\\\Users\\\\Pentan...')
#6 C:\\Users\\Pentanik IT\\Desktop\\Ponnobd Laravel\\vendor\\laravel\\framework\\src\\Illuminate\\Container\\BoundMethod.php(36): App\\Providers\\RouteServiceProvider->App\\Providers\\{closure}()
#7 C:\\Users\\Pentanik IT\\Desktop\\Ponnobd Laravel\\vendor\\laravel\\framework\\src\\Illuminate\\Container\\Util.php(41): Illuminate\\Container\\BoundMethod::Illuminate\\Container\\{closure}()
#8 C:\\Users\\Pentanik IT\\Desktop\\Ponnobd Laravel\\vendor\\laravel\\framework\\src\\Illuminate\\Container\\BoundMethod.php(81): Illuminate\\Container\\Util::unwrapIfClosure(Object(Closure))
#9 C:\\Users\\Pentanik IT\\Desktop\\Ponnobd Laravel\\vendor\\laravel\\framework\\src\\Illuminate\\Container\\BoundMethod.php(35): Illuminate\\Container\\BoundMethod::callBoundMethod(Object(Illuminate\\Foundation\\Application), Object(Closure), Object(Closure))
#10 C:\\Users\\Pentanik IT\\Desktop\\Ponnobd Laravel\\vendor\\laravel\\framework\\src\\Illuminate\\Container\\Container.php(662): Illuminate\\Container\\BoundMethod::call(Object(Illuminate\\Foundation\\Application), Object(Closure), Array, NULL)
#11 C:\\Users\\Pentanik IT\\Desktop\\Ponnobd Laravel\\vendor\\laravel\\framework\\src\\Illuminate\\Foundation\\Support\\Providers\\RouteServiceProvider.php(120): Illuminate\\Container\\Container->call(Object(Closure))
#12 C:\\Users\\Pentanik IT\\Desktop\\Ponnobd Laravel\\vendor\\laravel\\framework\\src\\Illuminate\\Foundation\\Support\\Providers\\RouteServiceProvider.php(45): Illuminate\\Foundation\\Support\\Providers\\RouteServiceProvider->loadRoutes()
#13 C:\\Users\\Pentanik IT\\Desktop\\Ponnobd Laravel\\vendor\\laravel\\framework\\src\\Illuminate\\Container\\BoundMethod.php(36): Illuminate\\Foundation\\Support\\Providers\\RouteServiceProvider->Illuminate\\Foundation\\Support\\Providers\\{closure}()
#14 C:\\Users\\Pentanik IT\\Desktop\\Ponnobd Laravel\\vendor\\laravel\\framework\\src\\Illuminate\\Container\\Util.php(41): Illuminate\\Container\\BoundMethod::Illuminate\\Container\\{closure}()
#15 C:\\Users\\Pentanik IT\\Desktop\\Ponnobd Laravel\\vendor\\laravel\\framework\\src\\Illuminate\\Container\\BoundMethod.php(81): Illuminate\\Container\\Util::unwrapIfClosure(Object(Closure))
#16 C:\\Users\\Pentanik IT\\Desktop\\Ponnobd Laravel\\vendor\\laravel\\framework\\src\\Illuminate\\Container\\BoundMethod.php(35): Illuminate\\Container\\BoundMethod::callBoundMethod(Object(Illuminate\\Foundation\\Application), Object(Closure), Object(Closure))
#17 C:\\Users\\Pentanik IT\\Desktop\\Ponnobd Laravel\\vendor\\laravel\\framework\\src\\Illuminate\\Container\\Container.php(662): Illuminate\\Container\\BoundMethod::call(Object(Illuminate\\Foundation\\Application), Object(Closure), Array, NULL)
#18 C:\\Users\\Pentanik IT\\Desktop\\Ponnobd Laravel\\vendor\\laravel\\framework\\src\\Illuminate\\Support\\ServiceProvider.php(119): Illuminate\\Container\\Container->call(Object(Closure))
#19 C:\\Users\\Pentanik IT\\Desktop\\Ponnobd Laravel\\vendor\\laravel\\framework\\src\\Illuminate\\Foundation\\Application.php(1037): Illuminate\\Support\\ServiceProvider->callBootedCallbacks()
#20 C:\\Users\\Pentanik IT\\Desktop\\Ponnobd Laravel\\vendor\\laravel\\framework\\src\\Illuminate\\Foundation\\Application.php(1015): Illuminate\\Foundation\\Application->bootProvider(Object(App\\Providers\\RouteServiceProvider))
#21 [internal function]: Illuminate\\Foundation\\Application->Illuminate\\Foundation\\{closure}(Object(App\\Providers\\RouteServiceProvider), 34)
#22 C:\\Users\\Pentanik IT\\Desktop\\Ponnobd Laravel\\vendor\\laravel\\framework\\src\\Illuminate\\Foundation\\Application.php(1014): array_walk(Array, Object(Closure))
#23 C:\\Users\\Pentanik IT\\Desktop\\Ponnobd Laravel\\vendor\\laravel\\framework\\src\\Illuminate\\Foundation\\Bootstrap\\BootProviders.php(17): Illuminate\\Foundation\\Application->boot()
#24 C:\\Users\\Pentanik IT\\Desktop\\Ponnobd Laravel\\vendor\\laravel\\framework\\src\\Illuminate\\Foundation\\Application.php(263): Illuminate\\Foundation\\Bootstrap\\BootProviders->bootstrap(Object(Illuminate\\Foundation\\Application))
#25 C:\\Users\\Pentanik IT\\Desktop\\Ponnobd Laravel\\vendor\\laravel\\framework\\src\\Illuminate\\Foundation\\Console\\Kernel.php(447): Illuminate\\Foundation\\Application->bootstrapWith(Array)
#26 C:\\Users\\Pentanik IT\\Desktop\\Ponnobd Laravel\\vendor\\laravel\\framework\\src\\Illuminate\\Foundation\\Console\\Kernel.php(199): Illuminate\\Foundation\\Console\\Kernel->bootstrap()
#27 Command line code(1): Illuminate\\Foundation\\Console\\Kernel->handle(Object(Symfony\\Component\\Console\\Input\\ArgvInput), Object(Symfony\\Component\\Console\\Output\\ConsoleOutput))
#28 {main}
"} 
[2025-08-24 10:43:20] local.ERROR: Call to undefined method Livewire\LivewireManager::routes() {"exception":"[object] (Error(code: 0): Call to undefined method Livewire\\LivewireManager::routes() at C:\\Users\\Pentanik IT\\Desktop\\Ponnobd Laravel\\vendor\\laravel\\framework\\src\\Illuminate\\Support\\Facades\\Facade.php:355)
[stacktrace]
#0 C:\\Users\\Pentanik IT\\Desktop\\Ponnobd Laravel\\routes\\web.php(71): Illuminate\\Support\\Facades\\Facade::__callStatic('routes', Array)
#1 C:\\Users\\Pentanik IT\\Desktop\\Ponnobd Laravel\\vendor\\laravel\\framework\\src\\Illuminate\\Routing\\RouteFileRegistrar.php(35): require('C:\\\\Users\\\\Pentan...')
#2 C:\\Users\\Pentanik IT\\Desktop\\Ponnobd Laravel\\vendor\\laravel\\framework\\src\\Illuminate\\Routing\\Router.php(511): Illuminate\\Routing\\RouteFileRegistrar->register('C:\\\\Users\\\\Pentan...')
#3 C:\\Users\\Pentanik IT\\Desktop\\Ponnobd Laravel\\vendor\\laravel\\framework\\src\\Illuminate\\Routing\\Router.php(465): Illuminate\\Routing\\Router->loadRoutes('C:\\\\Users\\\\Pentan...')
#4 C:\\Users\\Pentanik IT\\Desktop\\Ponnobd Laravel\\vendor\\laravel\\framework\\src\\Illuminate\\Routing\\RouteRegistrar.php(194): Illuminate\\Routing\\Router->group(Array, 'C:\\\\Users\\\\Pentan...')
#5 C:\\Users\\Pentanik IT\\Desktop\\Ponnobd Laravel\\app\\Providers\\RouteServiceProvider.php(41): Illuminate\\Routing\\RouteRegistrar->group('C:\\\\Users\\\\Pentan...')
#6 C:\\Users\\Pentanik IT\\Desktop\\Ponnobd Laravel\\vendor\\laravel\\framework\\src\\Illuminate\\Container\\BoundMethod.php(36): App\\Providers\\RouteServiceProvider->App\\Providers\\{closure}()
#7 C:\\Users\\Pentanik IT\\Desktop\\Ponnobd Laravel\\vendor\\laravel\\framework\\src\\Illuminate\\Container\\Util.php(41): Illuminate\\Container\\BoundMethod::Illuminate\\Container\\{closure}()
#8 C:\\Users\\Pentanik IT\\Desktop\\Ponnobd Laravel\\vendor\\laravel\\framework\\src\\Illuminate\\Container\\BoundMethod.php(81): Illuminate\\Container\\Util::unwrapIfClosure(Object(Closure))
#9 C:\\Users\\Pentanik IT\\Desktop\\Ponnobd Laravel\\vendor\\laravel\\framework\\src\\Illuminate\\Container\\BoundMethod.php(35): Illuminate\\Container\\BoundMethod::callBoundMethod(Object(Illuminate\\Foundation\\Application), Object(Closure), Object(Closure))
#10 C:\\Users\\Pentanik IT\\Desktop\\Ponnobd Laravel\\vendor\\laravel\\framework\\src\\Illuminate\\Container\\Container.php(662): Illuminate\\Container\\BoundMethod::call(Object(Illuminate\\Foundation\\Application), Object(Closure), Array, NULL)
#11 C:\\Users\\Pentanik IT\\Desktop\\Ponnobd Laravel\\vendor\\laravel\\framework\\src\\Illuminate\\Foundation\\Support\\Providers\\RouteServiceProvider.php(120): Illuminate\\Container\\Container->call(Object(Closure))
#12 C:\\Users\\Pentanik IT\\Desktop\\Ponnobd Laravel\\vendor\\laravel\\framework\\src\\Illuminate\\Foundation\\Support\\Providers\\RouteServiceProvider.php(45): Illuminate\\Foundation\\Support\\Providers\\RouteServiceProvider->loadRoutes()
#13 C:\\Users\\Pentanik IT\\Desktop\\Ponnobd Laravel\\vendor\\laravel\\framework\\src\\Illuminate\\Container\\BoundMethod.php(36): Illuminate\\Foundation\\Support\\Providers\\RouteServiceProvider->Illuminate\\Foundation\\Support\\Providers\\{closure}()
#14 C:\\Users\\Pentanik IT\\Desktop\\Ponnobd Laravel\\vendor\\laravel\\framework\\src\\Illuminate\\Container\\Util.php(41): Illuminate\\Container\\BoundMethod::Illuminate\\Container\\{closure}()
#15 C:\\Users\\Pentanik IT\\Desktop\\Ponnobd Laravel\\vendor\\laravel\\framework\\src\\Illuminate\\Container\\BoundMethod.php(81): Illuminate\\Container\\Util::unwrapIfClosure(Object(Closure))
#16 C:\\Users\\Pentanik IT\\Desktop\\Ponnobd Laravel\\vendor\\laravel\\framework\\src\\Illuminate\\Container\\BoundMethod.php(35): Illuminate\\Container\\BoundMethod::callBoundMethod(Object(Illuminate\\Foundation\\Application), Object(Closure), Object(Closure))
#17 C:\\Users\\Pentanik IT\\Desktop\\Ponnobd Laravel\\vendor\\laravel\\framework\\src\\Illuminate\\Container\\Container.php(662): Illuminate\\Container\\BoundMethod::call(Object(Illuminate\\Foundation\\Application), Object(Closure), Array, NULL)
#18 C:\\Users\\Pentanik IT\\Desktop\\Ponnobd Laravel\\vendor\\laravel\\framework\\src\\Illuminate\\Support\\ServiceProvider.php(119): Illuminate\\Container\\Container->call(Object(Closure))
#19 C:\\Users\\Pentanik IT\\Desktop\\Ponnobd Laravel\\vendor\\laravel\\framework\\src\\Illuminate\\Foundation\\Application.php(1037): Illuminate\\Support\\ServiceProvider->callBootedCallbacks()
#20 C:\\Users\\Pentanik IT\\Desktop\\Ponnobd Laravel\\vendor\\laravel\\framework\\src\\Illuminate\\Foundation\\Application.php(1015): Illuminate\\Foundation\\Application->bootProvider(Object(App\\Providers\\RouteServiceProvider))
#21 [internal function]: Illuminate\\Foundation\\Application->Illuminate\\Foundation\\{closure}(Object(App\\Providers\\RouteServiceProvider), 34)
#22 C:\\Users\\Pentanik IT\\Desktop\\Ponnobd Laravel\\vendor\\laravel\\framework\\src\\Illuminate\\Foundation\\Application.php(1014): array_walk(Array, Object(Closure))
#23 C:\\Users\\Pentanik IT\\Desktop\\Ponnobd Laravel\\vendor\\laravel\\framework\\src\\Illuminate\\Foundation\\Bootstrap\\BootProviders.php(17): Illuminate\\Foundation\\Application->boot()
#24 C:\\Users\\Pentanik IT\\Desktop\\Ponnobd Laravel\\vendor\\laravel\\framework\\src\\Illuminate\\Foundation\\Application.php(263): Illuminate\\Foundation\\Bootstrap\\BootProviders->bootstrap(Object(Illuminate\\Foundation\\Application))
#25 C:\\Users\\Pentanik IT\\Desktop\\Ponnobd Laravel\\vendor\\laravel\\framework\\src\\Illuminate\\Foundation\\Console\\Kernel.php(447): Illuminate\\Foundation\\Application->bootstrapWith(Array)
#26 C:\\Users\\Pentanik IT\\Desktop\\Ponnobd Laravel\\vendor\\laravel\\framework\\src\\Illuminate\\Foundation\\Console\\Kernel.php(199): Illuminate\\Foundation\\Console\\Kernel->bootstrap()
#27 Command line code(1): Illuminate\\Foundation\\Console\\Kernel->handle(Object(Symfony\\Component\\Console\\Input\\ArgvInput), Object(Symfony\\Component\\Console\\Output\\ConsoleOutput))
#28 {main}
"} 
[2025-08-24 10:43:22] local.ERROR: Call to undefined method Livewire\LivewireManager::routes() {"exception":"[object] (Error(code: 0): Call to undefined method Livewire\\LivewireManager::routes() at C:\\Users\\Pentanik IT\\Desktop\\Ponnobd Laravel\\vendor\\laravel\\framework\\src\\Illuminate\\Support\\Facades\\Facade.php:355)
[stacktrace]
#0 C:\\Users\\Pentanik IT\\Desktop\\Ponnobd Laravel\\routes\\web.php(71): Illuminate\\Support\\Facades\\Facade::__callStatic('routes', Array)
#1 C:\\Users\\Pentanik IT\\Desktop\\Ponnobd Laravel\\vendor\\laravel\\framework\\src\\Illuminate\\Routing\\RouteFileRegistrar.php(35): require('C:\\\\Users\\\\Pentan...')
#2 C:\\Users\\Pentanik IT\\Desktop\\Ponnobd Laravel\\vendor\\laravel\\framework\\src\\Illuminate\\Routing\\Router.php(511): Illuminate\\Routing\\RouteFileRegistrar->register('C:\\\\Users\\\\Pentan...')
#3 C:\\Users\\Pentanik IT\\Desktop\\Ponnobd Laravel\\vendor\\laravel\\framework\\src\\Illuminate\\Routing\\Router.php(465): Illuminate\\Routing\\Router->loadRoutes('C:\\\\Users\\\\Pentan...')
#4 C:\\Users\\Pentanik IT\\Desktop\\Ponnobd Laravel\\vendor\\laravel\\framework\\src\\Illuminate\\Routing\\RouteRegistrar.php(194): Illuminate\\Routing\\Router->group(Array, 'C:\\\\Users\\\\Pentan...')
#5 C:\\Users\\Pentanik IT\\Desktop\\Ponnobd Laravel\\app\\Providers\\RouteServiceProvider.php(41): Illuminate\\Routing\\RouteRegistrar->group('C:\\\\Users\\\\Pentan...')
#6 C:\\Users\\Pentanik IT\\Desktop\\Ponnobd Laravel\\vendor\\laravel\\framework\\src\\Illuminate\\Container\\BoundMethod.php(36): App\\Providers\\RouteServiceProvider->App\\Providers\\{closure}()
#7 C:\\Users\\Pentanik IT\\Desktop\\Ponnobd Laravel\\vendor\\laravel\\framework\\src\\Illuminate\\Container\\Util.php(41): Illuminate\\Container\\BoundMethod::Illuminate\\Container\\{closure}()
#8 C:\\Users\\Pentanik IT\\Desktop\\Ponnobd Laravel\\vendor\\laravel\\framework\\src\\Illuminate\\Container\\BoundMethod.php(81): Illuminate\\Container\\Util::unwrapIfClosure(Object(Closure))
#9 C:\\Users\\Pentanik IT\\Desktop\\Ponnobd Laravel\\vendor\\laravel\\framework\\src\\Illuminate\\Container\\BoundMethod.php(35): Illuminate\\Container\\BoundMethod::callBoundMethod(Object(Illuminate\\Foundation\\Application), Object(Closure), Object(Closure))
#10 C:\\Users\\Pentanik IT\\Desktop\\Ponnobd Laravel\\vendor\\laravel\\framework\\src\\Illuminate\\Container\\Container.php(662): Illuminate\\Container\\BoundMethod::call(Object(Illuminate\\Foundation\\Application), Object(Closure), Array, NULL)
#11 C:\\Users\\Pentanik IT\\Desktop\\Ponnobd Laravel\\vendor\\laravel\\framework\\src\\Illuminate\\Foundation\\Support\\Providers\\RouteServiceProvider.php(120): Illuminate\\Container\\Container->call(Object(Closure))
#12 C:\\Users\\Pentanik IT\\Desktop\\Ponnobd Laravel\\vendor\\laravel\\framework\\src\\Illuminate\\Foundation\\Support\\Providers\\RouteServiceProvider.php(45): Illuminate\\Foundation\\Support\\Providers\\RouteServiceProvider->loadRoutes()
#13 C:\\Users\\Pentanik IT\\Desktop\\Ponnobd Laravel\\vendor\\laravel\\framework\\src\\Illuminate\\Container\\BoundMethod.php(36): Illuminate\\Foundation\\Support\\Providers\\RouteServiceProvider->Illuminate\\Foundation\\Support\\Providers\\{closure}()
#14 C:\\Users\\Pentanik IT\\Desktop\\Ponnobd Laravel\\vendor\\laravel\\framework\\src\\Illuminate\\Container\\Util.php(41): Illuminate\\Container\\BoundMethod::Illuminate\\Container\\{closure}()
#15 C:\\Users\\Pentanik IT\\Desktop\\Ponnobd Laravel\\vendor\\laravel\\framework\\src\\Illuminate\\Container\\BoundMethod.php(81): Illuminate\\Container\\Util::unwrapIfClosure(Object(Closure))
#16 C:\\Users\\Pentanik IT\\Desktop\\Ponnobd Laravel\\vendor\\laravel\\framework\\src\\Illuminate\\Container\\BoundMethod.php(35): Illuminate\\Container\\BoundMethod::callBoundMethod(Object(Illuminate\\Foundation\\Application), Object(Closure), Object(Closure))
#17 C:\\Users\\Pentanik IT\\Desktop\\Ponnobd Laravel\\vendor\\laravel\\framework\\src\\Illuminate\\Container\\Container.php(662): Illuminate\\Container\\BoundMethod::call(Object(Illuminate\\Foundation\\Application), Object(Closure), Array, NULL)
#18 C:\\Users\\Pentanik IT\\Desktop\\Ponnobd Laravel\\vendor\\laravel\\framework\\src\\Illuminate\\Support\\ServiceProvider.php(119): Illuminate\\Container\\Container->call(Object(Closure))
#19 C:\\Users\\Pentanik IT\\Desktop\\Ponnobd Laravel\\vendor\\laravel\\framework\\src\\Illuminate\\Foundation\\Application.php(1037): Illuminate\\Support\\ServiceProvider->callBootedCallbacks()
#20 C:\\Users\\Pentanik IT\\Desktop\\Ponnobd Laravel\\vendor\\laravel\\framework\\src\\Illuminate\\Foundation\\Application.php(1015): Illuminate\\Foundation\\Application->bootProvider(Object(App\\Providers\\RouteServiceProvider))
#21 [internal function]: Illuminate\\Foundation\\Application->Illuminate\\Foundation\\{closure}(Object(App\\Providers\\RouteServiceProvider), 34)
#22 C:\\Users\\Pentanik IT\\Desktop\\Ponnobd Laravel\\vendor\\laravel\\framework\\src\\Illuminate\\Foundation\\Application.php(1014): array_walk(Array, Object(Closure))
#23 C:\\Users\\Pentanik IT\\Desktop\\Ponnobd Laravel\\vendor\\laravel\\framework\\src\\Illuminate\\Foundation\\Bootstrap\\BootProviders.php(17): Illuminate\\Foundation\\Application->boot()
#24 C:\\Users\\Pentanik IT\\Desktop\\Ponnobd Laravel\\vendor\\laravel\\framework\\src\\Illuminate\\Foundation\\Application.php(263): Illuminate\\Foundation\\Bootstrap\\BootProviders->bootstrap(Object(Illuminate\\Foundation\\Application))
#25 C:\\Users\\Pentanik IT\\Desktop\\Ponnobd Laravel\\vendor\\laravel\\framework\\src\\Illuminate\\Foundation\\Console\\Kernel.php(447): Illuminate\\Foundation\\Application->bootstrapWith(Array)
#26 C:\\Users\\Pentanik IT\\Desktop\\Ponnobd Laravel\\vendor\\laravel\\framework\\src\\Illuminate\\Foundation\\Console\\Kernel.php(199): Illuminate\\Foundation\\Console\\Kernel->bootstrap()
#27 Command line code(1): Illuminate\\Foundation\\Console\\Kernel->handle(Object(Symfony\\Component\\Console\\Input\\ArgvInput), Object(Symfony\\Component\\Console\\Output\\ConsoleOutput))
#28 {main}
"} 
[2025-08-24 10:44:20] local.ERROR: Call to undefined method Livewire\LivewireManager::routes() {"exception":"[object] (Error(code: 0): Call to undefined method Livewire\\LivewireManager::routes() at C:\\Users\\Pentanik IT\\Desktop\\Ponnobd Laravel\\vendor\\laravel\\framework\\src\\Illuminate\\Support\\Facades\\Facade.php:355)
[stacktrace]
#0 C:\\Users\\Pentanik IT\\Desktop\\Ponnobd Laravel\\routes\\web.php(71): Illuminate\\Support\\Facades\\Facade::__callStatic('routes', Array)
#1 C:\\Users\\Pentanik IT\\Desktop\\Ponnobd Laravel\\vendor\\laravel\\framework\\src\\Illuminate\\Routing\\RouteFileRegistrar.php(35): require('C:\\\\Users\\\\Pentan...')
#2 C:\\Users\\Pentanik IT\\Desktop\\Ponnobd Laravel\\vendor\\laravel\\framework\\src\\Illuminate\\Routing\\Router.php(511): Illuminate\\Routing\\RouteFileRegistrar->register('C:\\\\Users\\\\Pentan...')
#3 C:\\Users\\Pentanik IT\\Desktop\\Ponnobd Laravel\\vendor\\laravel\\framework\\src\\Illuminate\\Routing\\Router.php(465): Illuminate\\Routing\\Router->loadRoutes('C:\\\\Users\\\\Pentan...')
#4 C:\\Users\\Pentanik IT\\Desktop\\Ponnobd Laravel\\vendor\\laravel\\framework\\src\\Illuminate\\Routing\\RouteRegistrar.php(194): Illuminate\\Routing\\Router->group(Array, 'C:\\\\Users\\\\Pentan...')
#5 C:\\Users\\Pentanik IT\\Desktop\\Ponnobd Laravel\\app\\Providers\\RouteServiceProvider.php(41): Illuminate\\Routing\\RouteRegistrar->group('C:\\\\Users\\\\Pentan...')
#6 C:\\Users\\Pentanik IT\\Desktop\\Ponnobd Laravel\\vendor\\laravel\\framework\\src\\Illuminate\\Container\\BoundMethod.php(36): App\\Providers\\RouteServiceProvider->App\\Providers\\{closure}()
#7 C:\\Users\\Pentanik IT\\Desktop\\Ponnobd Laravel\\vendor\\laravel\\framework\\src\\Illuminate\\Container\\Util.php(41): Illuminate\\Container\\BoundMethod::Illuminate\\Container\\{closure}()
#8 C:\\Users\\Pentanik IT\\Desktop\\Ponnobd Laravel\\vendor\\laravel\\framework\\src\\Illuminate\\Container\\BoundMethod.php(81): Illuminate\\Container\\Util::unwrapIfClosure(Object(Closure))
#9 C:\\Users\\Pentanik IT\\Desktop\\Ponnobd Laravel\\vendor\\laravel\\framework\\src\\Illuminate\\Container\\BoundMethod.php(35): Illuminate\\Container\\BoundMethod::callBoundMethod(Object(Illuminate\\Foundation\\Application), Object(Closure), Object(Closure))
#10 C:\\Users\\Pentanik IT\\Desktop\\Ponnobd Laravel\\vendor\\laravel\\framework\\src\\Illuminate\\Container\\Container.php(662): Illuminate\\Container\\BoundMethod::call(Object(Illuminate\\Foundation\\Application), Object(Closure), Array, NULL)
#11 C:\\Users\\Pentanik IT\\Desktop\\Ponnobd Laravel\\vendor\\laravel\\framework\\src\\Illuminate\\Foundation\\Support\\Providers\\RouteServiceProvider.php(120): Illuminate\\Container\\Container->call(Object(Closure))
#12 C:\\Users\\Pentanik IT\\Desktop\\Ponnobd Laravel\\vendor\\laravel\\framework\\src\\Illuminate\\Foundation\\Support\\Providers\\RouteServiceProvider.php(45): Illuminate\\Foundation\\Support\\Providers\\RouteServiceProvider->loadRoutes()
#13 C:\\Users\\Pentanik IT\\Desktop\\Ponnobd Laravel\\vendor\\laravel\\framework\\src\\Illuminate\\Container\\BoundMethod.php(36): Illuminate\\Foundation\\Support\\Providers\\RouteServiceProvider->Illuminate\\Foundation\\Support\\Providers\\{closure}()
#14 C:\\Users\\Pentanik IT\\Desktop\\Ponnobd Laravel\\vendor\\laravel\\framework\\src\\Illuminate\\Container\\Util.php(41): Illuminate\\Container\\BoundMethod::Illuminate\\Container\\{closure}()
#15 C:\\Users\\Pentanik IT\\Desktop\\Ponnobd Laravel\\vendor\\laravel\\framework\\src\\Illuminate\\Container\\BoundMethod.php(81): Illuminate\\Container\\Util::unwrapIfClosure(Object(Closure))
#16 C:\\Users\\Pentanik IT\\Desktop\\Ponnobd Laravel\\vendor\\laravel\\framework\\src\\Illuminate\\Container\\BoundMethod.php(35): Illuminate\\Container\\BoundMethod::callBoundMethod(Object(Illuminate\\Foundation\\Application), Object(Closure), Object(Closure))
#17 C:\\Users\\Pentanik IT\\Desktop\\Ponnobd Laravel\\vendor\\laravel\\framework\\src\\Illuminate\\Container\\Container.php(662): Illuminate\\Container\\BoundMethod::call(Object(Illuminate\\Foundation\\Application), Object(Closure), Array, NULL)
#18 C:\\Users\\Pentanik IT\\Desktop\\Ponnobd Laravel\\vendor\\laravel\\framework\\src\\Illuminate\\Support\\ServiceProvider.php(119): Illuminate\\Container\\Container->call(Object(Closure))
#19 C:\\Users\\Pentanik IT\\Desktop\\Ponnobd Laravel\\vendor\\laravel\\framework\\src\\Illuminate\\Foundation\\Application.php(1037): Illuminate\\Support\\ServiceProvider->callBootedCallbacks()
#20 C:\\Users\\Pentanik IT\\Desktop\\Ponnobd Laravel\\vendor\\laravel\\framework\\src\\Illuminate\\Foundation\\Application.php(1015): Illuminate\\Foundation\\Application->bootProvider(Object(App\\Providers\\RouteServiceProvider))
#21 [internal function]: Illuminate\\Foundation\\Application->Illuminate\\Foundation\\{closure}(Object(App\\Providers\\RouteServiceProvider), 34)
#22 C:\\Users\\Pentanik IT\\Desktop\\Ponnobd Laravel\\vendor\\laravel\\framework\\src\\Illuminate\\Foundation\\Application.php(1014): array_walk(Array, Object(Closure))
#23 C:\\Users\\Pentanik IT\\Desktop\\Ponnobd Laravel\\vendor\\laravel\\framework\\src\\Illuminate\\Foundation\\Bootstrap\\BootProviders.php(17): Illuminate\\Foundation\\Application->boot()
#24 C:\\Users\\Pentanik IT\\Desktop\\Ponnobd Laravel\\vendor\\laravel\\framework\\src\\Illuminate\\Foundation\\Application.php(263): Illuminate\\Foundation\\Bootstrap\\BootProviders->bootstrap(Object(Illuminate\\Foundation\\Application))
#25 C:\\Users\\Pentanik IT\\Desktop\\Ponnobd Laravel\\vendor\\laravel\\framework\\src\\Illuminate\\Foundation\\Console\\Kernel.php(447): Illuminate\\Foundation\\Application->bootstrapWith(Array)
#26 C:\\Users\\Pentanik IT\\Desktop\\Ponnobd Laravel\\vendor\\laravel\\framework\\src\\Illuminate\\Foundation\\Console\\Kernel.php(199): Illuminate\\Foundation\\Console\\Kernel->bootstrap()
#27 Command line code(1): Illuminate\\Foundation\\Console\\Kernel->handle(Object(Symfony\\Component\\Console\\Input\\ArgvInput), Object(Symfony\\Component\\Console\\Output\\ConsoleOutput))
#28 {main}
"} 
[2025-08-24 10:44:20] local.ERROR: Call to undefined method Livewire\LivewireManager::routes() {"exception":"[object] (Error(code: 0): Call to undefined method Livewire\\LivewireManager::routes() at C:\\Users\\Pentanik IT\\Desktop\\Ponnobd Laravel\\vendor\\laravel\\framework\\src\\Illuminate\\Support\\Facades\\Facade.php:355)
[stacktrace]
#0 C:\\Users\\Pentanik IT\\Desktop\\Ponnobd Laravel\\routes\\web.php(71): Illuminate\\Support\\Facades\\Facade::__callStatic('routes', Array)
#1 C:\\Users\\Pentanik IT\\Desktop\\Ponnobd Laravel\\vendor\\laravel\\framework\\src\\Illuminate\\Routing\\RouteFileRegistrar.php(35): require('C:\\\\Users\\\\Pentan...')
#2 C:\\Users\\Pentanik IT\\Desktop\\Ponnobd Laravel\\vendor\\laravel\\framework\\src\\Illuminate\\Routing\\Router.php(511): Illuminate\\Routing\\RouteFileRegistrar->register('C:\\\\Users\\\\Pentan...')
#3 C:\\Users\\Pentanik IT\\Desktop\\Ponnobd Laravel\\vendor\\laravel\\framework\\src\\Illuminate\\Routing\\Router.php(465): Illuminate\\Routing\\Router->loadRoutes('C:\\\\Users\\\\Pentan...')
#4 C:\\Users\\Pentanik IT\\Desktop\\Ponnobd Laravel\\vendor\\laravel\\framework\\src\\Illuminate\\Routing\\RouteRegistrar.php(194): Illuminate\\Routing\\Router->group(Array, 'C:\\\\Users\\\\Pentan...')
#5 C:\\Users\\Pentanik IT\\Desktop\\Ponnobd Laravel\\app\\Providers\\RouteServiceProvider.php(41): Illuminate\\Routing\\RouteRegistrar->group('C:\\\\Users\\\\Pentan...')
#6 C:\\Users\\Pentanik IT\\Desktop\\Ponnobd Laravel\\vendor\\laravel\\framework\\src\\Illuminate\\Container\\BoundMethod.php(36): App\\Providers\\RouteServiceProvider->App\\Providers\\{closure}()
#7 C:\\Users\\Pentanik IT\\Desktop\\Ponnobd Laravel\\vendor\\laravel\\framework\\src\\Illuminate\\Container\\Util.php(41): Illuminate\\Container\\BoundMethod::Illuminate\\Container\\{closure}()
#8 C:\\Users\\Pentanik IT\\Desktop\\Ponnobd Laravel\\vendor\\laravel\\framework\\src\\Illuminate\\Container\\BoundMethod.php(81): Illuminate\\Container\\Util::unwrapIfClosure(Object(Closure))
#9 C:\\Users\\Pentanik IT\\Desktop\\Ponnobd Laravel\\vendor\\laravel\\framework\\src\\Illuminate\\Container\\BoundMethod.php(35): Illuminate\\Container\\BoundMethod::callBoundMethod(Object(Illuminate\\Foundation\\Application), Object(Closure), Object(Closure))
#10 C:\\Users\\Pentanik IT\\Desktop\\Ponnobd Laravel\\vendor\\laravel\\framework\\src\\Illuminate\\Container\\Container.php(662): Illuminate\\Container\\BoundMethod::call(Object(Illuminate\\Foundation\\Application), Object(Closure), Array, NULL)
#11 C:\\Users\\Pentanik IT\\Desktop\\Ponnobd Laravel\\vendor\\laravel\\framework\\src\\Illuminate\\Foundation\\Support\\Providers\\RouteServiceProvider.php(120): Illuminate\\Container\\Container->call(Object(Closure))
#12 C:\\Users\\Pentanik IT\\Desktop\\Ponnobd Laravel\\vendor\\laravel\\framework\\src\\Illuminate\\Foundation\\Support\\Providers\\RouteServiceProvider.php(45): Illuminate\\Foundation\\Support\\Providers\\RouteServiceProvider->loadRoutes()
#13 C:\\Users\\Pentanik IT\\Desktop\\Ponnobd Laravel\\vendor\\laravel\\framework\\src\\Illuminate\\Container\\BoundMethod.php(36): Illuminate\\Foundation\\Support\\Providers\\RouteServiceProvider->Illuminate\\Foundation\\Support\\Providers\\{closure}()
#14 C:\\Users\\Pentanik IT\\Desktop\\Ponnobd Laravel\\vendor\\laravel\\framework\\src\\Illuminate\\Container\\Util.php(41): Illuminate\\Container\\BoundMethod::Illuminate\\Container\\{closure}()
#15 C:\\Users\\Pentanik IT\\Desktop\\Ponnobd Laravel\\vendor\\laravel\\framework\\src\\Illuminate\\Container\\BoundMethod.php(81): Illuminate\\Container\\Util::unwrapIfClosure(Object(Closure))
#16 C:\\Users\\Pentanik IT\\Desktop\\Ponnobd Laravel\\vendor\\laravel\\framework\\src\\Illuminate\\Container\\BoundMethod.php(35): Illuminate\\Container\\BoundMethod::callBoundMethod(Object(Illuminate\\Foundation\\Application), Object(Closure), Object(Closure))
#17 C:\\Users\\Pentanik IT\\Desktop\\Ponnobd Laravel\\vendor\\laravel\\framework\\src\\Illuminate\\Container\\Container.php(662): Illuminate\\Container\\BoundMethod::call(Object(Illuminate\\Foundation\\Application), Object(Closure), Array, NULL)
#18 C:\\Users\\Pentanik IT\\Desktop\\Ponnobd Laravel\\vendor\\laravel\\framework\\src\\Illuminate\\Support\\ServiceProvider.php(119): Illuminate\\Container\\Container->call(Object(Closure))
#19 C:\\Users\\Pentanik IT\\Desktop\\Ponnobd Laravel\\vendor\\laravel\\framework\\src\\Illuminate\\Foundation\\Application.php(1037): Illuminate\\Support\\ServiceProvider->callBootedCallbacks()
#20 C:\\Users\\Pentanik IT\\Desktop\\Ponnobd Laravel\\vendor\\laravel\\framework\\src\\Illuminate\\Foundation\\Application.php(1015): Illuminate\\Foundation\\Application->bootProvider(Object(App\\Providers\\RouteServiceProvider))
#21 [internal function]: Illuminate\\Foundation\\Application->Illuminate\\Foundation\\{closure}(Object(App\\Providers\\RouteServiceProvider), 34)
#22 C:\\Users\\Pentanik IT\\Desktop\\Ponnobd Laravel\\vendor\\laravel\\framework\\src\\Illuminate\\Foundation\\Application.php(1014): array_walk(Array, Object(Closure))
#23 C:\\Users\\Pentanik IT\\Desktop\\Ponnobd Laravel\\vendor\\laravel\\framework\\src\\Illuminate\\Foundation\\Bootstrap\\BootProviders.php(17): Illuminate\\Foundation\\Application->boot()
#24 C:\\Users\\Pentanik IT\\Desktop\\Ponnobd Laravel\\vendor\\laravel\\framework\\src\\Illuminate\\Foundation\\Application.php(263): Illuminate\\Foundation\\Bootstrap\\BootProviders->bootstrap(Object(Illuminate\\Foundation\\Application))
#25 C:\\Users\\Pentanik IT\\Desktop\\Ponnobd Laravel\\vendor\\laravel\\framework\\src\\Illuminate\\Foundation\\Console\\Kernel.php(447): Illuminate\\Foundation\\Application->bootstrapWith(Array)
#26 C:\\Users\\Pentanik IT\\Desktop\\Ponnobd Laravel\\vendor\\laravel\\framework\\src\\Illuminate\\Foundation\\Console\\Kernel.php(199): Illuminate\\Foundation\\Console\\Kernel->bootstrap()
#27 Command line code(1): Illuminate\\Foundation\\Console\\Kernel->handle(Object(Symfony\\Component\\Console\\Input\\ArgvInput), Object(Symfony\\Component\\Console\\Output\\ConsoleOutput))
#28 {main}
"} 
[2025-08-24 10:45:19] local.ERROR: Call to undefined method Livewire\LivewireManager::routes() {"exception":"[object] (Error(code: 0): Call to undefined method Livewire\\LivewireManager::routes() at C:\\Users\\Pentanik IT\\Desktop\\Ponnobd Laravel\\vendor\\laravel\\framework\\src\\Illuminate\\Support\\Facades\\Facade.php:355)
[stacktrace]
#0 C:\\Users\\Pentanik IT\\Desktop\\Ponnobd Laravel\\routes\\web.php(71): Illuminate\\Support\\Facades\\Facade::__callStatic('routes', Array)
#1 C:\\Users\\Pentanik IT\\Desktop\\Ponnobd Laravel\\vendor\\laravel\\framework\\src\\Illuminate\\Routing\\RouteFileRegistrar.php(35): require('C:\\\\Users\\\\Pentan...')
#2 C:\\Users\\Pentanik IT\\Desktop\\Ponnobd Laravel\\vendor\\laravel\\framework\\src\\Illuminate\\Routing\\Router.php(511): Illuminate\\Routing\\RouteFileRegistrar->register('C:\\\\Users\\\\Pentan...')
#3 C:\\Users\\Pentanik IT\\Desktop\\Ponnobd Laravel\\vendor\\laravel\\framework\\src\\Illuminate\\Routing\\Router.php(465): Illuminate\\Routing\\Router->loadRoutes('C:\\\\Users\\\\Pentan...')
#4 C:\\Users\\Pentanik IT\\Desktop\\Ponnobd Laravel\\vendor\\laravel\\framework\\src\\Illuminate\\Routing\\RouteRegistrar.php(194): Illuminate\\Routing\\Router->group(Array, 'C:\\\\Users\\\\Pentan...')
#5 C:\\Users\\Pentanik IT\\Desktop\\Ponnobd Laravel\\app\\Providers\\RouteServiceProvider.php(41): Illuminate\\Routing\\RouteRegistrar->group('C:\\\\Users\\\\Pentan...')
#6 C:\\Users\\Pentanik IT\\Desktop\\Ponnobd Laravel\\vendor\\laravel\\framework\\src\\Illuminate\\Container\\BoundMethod.php(36): App\\Providers\\RouteServiceProvider->App\\Providers\\{closure}()
#7 C:\\Users\\Pentanik IT\\Desktop\\Ponnobd Laravel\\vendor\\laravel\\framework\\src\\Illuminate\\Container\\Util.php(41): Illuminate\\Container\\BoundMethod::Illuminate\\Container\\{closure}()
#8 C:\\Users\\Pentanik IT\\Desktop\\Ponnobd Laravel\\vendor\\laravel\\framework\\src\\Illuminate\\Container\\BoundMethod.php(81): Illuminate\\Container\\Util::unwrapIfClosure(Object(Closure))
#9 C:\\Users\\Pentanik IT\\Desktop\\Ponnobd Laravel\\vendor\\laravel\\framework\\src\\Illuminate\\Container\\BoundMethod.php(35): Illuminate\\Container\\BoundMethod::callBoundMethod(Object(Illuminate\\Foundation\\Application), Object(Closure), Object(Closure))
#10 C:\\Users\\Pentanik IT\\Desktop\\Ponnobd Laravel\\vendor\\laravel\\framework\\src\\Illuminate\\Container\\Container.php(662): Illuminate\\Container\\BoundMethod::call(Object(Illuminate\\Foundation\\Application), Object(Closure), Array, NULL)
#11 C:\\Users\\Pentanik IT\\Desktop\\Ponnobd Laravel\\vendor\\laravel\\framework\\src\\Illuminate\\Foundation\\Support\\Providers\\RouteServiceProvider.php(120): Illuminate\\Container\\Container->call(Object(Closure))
#12 C:\\Users\\Pentanik IT\\Desktop\\Ponnobd Laravel\\vendor\\laravel\\framework\\src\\Illuminate\\Foundation\\Support\\Providers\\RouteServiceProvider.php(45): Illuminate\\Foundation\\Support\\Providers\\RouteServiceProvider->loadRoutes()
#13 C:\\Users\\Pentanik IT\\Desktop\\Ponnobd Laravel\\vendor\\laravel\\framework\\src\\Illuminate\\Container\\BoundMethod.php(36): Illuminate\\Foundation\\Support\\Providers\\RouteServiceProvider->Illuminate\\Foundation\\Support\\Providers\\{closure}()
#14 C:\\Users\\Pentanik IT\\Desktop\\Ponnobd Laravel\\vendor\\laravel\\framework\\src\\Illuminate\\Container\\Util.php(41): Illuminate\\Container\\BoundMethod::Illuminate\\Container\\{closure}()
#15 C:\\Users\\Pentanik IT\\Desktop\\Ponnobd Laravel\\vendor\\laravel\\framework\\src\\Illuminate\\Container\\BoundMethod.php(81): Illuminate\\Container\\Util::unwrapIfClosure(Object(Closure))
#16 C:\\Users\\Pentanik IT\\Desktop\\Ponnobd Laravel\\vendor\\laravel\\framework\\src\\Illuminate\\Container\\BoundMethod.php(35): Illuminate\\Container\\BoundMethod::callBoundMethod(Object(Illuminate\\Foundation\\Application), Object(Closure), Object(Closure))
#17 C:\\Users\\Pentanik IT\\Desktop\\Ponnobd Laravel\\vendor\\laravel\\framework\\src\\Illuminate\\Container\\Container.php(662): Illuminate\\Container\\BoundMethod::call(Object(Illuminate\\Foundation\\Application), Object(Closure), Array, NULL)
#18 C:\\Users\\Pentanik IT\\Desktop\\Ponnobd Laravel\\vendor\\laravel\\framework\\src\\Illuminate\\Support\\ServiceProvider.php(119): Illuminate\\Container\\Container->call(Object(Closure))
#19 C:\\Users\\Pentanik IT\\Desktop\\Ponnobd Laravel\\vendor\\laravel\\framework\\src\\Illuminate\\Foundation\\Application.php(1037): Illuminate\\Support\\ServiceProvider->callBootedCallbacks()
#20 C:\\Users\\Pentanik IT\\Desktop\\Ponnobd Laravel\\vendor\\laravel\\framework\\src\\Illuminate\\Foundation\\Application.php(1015): Illuminate\\Foundation\\Application->bootProvider(Object(App\\Providers\\RouteServiceProvider))
#21 [internal function]: Illuminate\\Foundation\\Application->Illuminate\\Foundation\\{closure}(Object(App\\Providers\\RouteServiceProvider), 34)
#22 C:\\Users\\Pentanik IT\\Desktop\\Ponnobd Laravel\\vendor\\laravel\\framework\\src\\Illuminate\\Foundation\\Application.php(1014): array_walk(Array, Object(Closure))
#23 C:\\Users\\Pentanik IT\\Desktop\\Ponnobd Laravel\\vendor\\laravel\\framework\\src\\Illuminate\\Foundation\\Bootstrap\\BootProviders.php(17): Illuminate\\Foundation\\Application->boot()
#24 C:\\Users\\Pentanik IT\\Desktop\\Ponnobd Laravel\\vendor\\laravel\\framework\\src\\Illuminate\\Foundation\\Application.php(263): Illuminate\\Foundation\\Bootstrap\\BootProviders->bootstrap(Object(Illuminate\\Foundation\\Application))
#25 C:\\Users\\Pentanik IT\\Desktop\\Ponnobd Laravel\\vendor\\laravel\\framework\\src\\Illuminate\\Foundation\\Console\\Kernel.php(447): Illuminate\\Foundation\\Application->bootstrapWith(Array)
#26 C:\\Users\\Pentanik IT\\Desktop\\Ponnobd Laravel\\vendor\\laravel\\framework\\src\\Illuminate\\Foundation\\Console\\Kernel.php(199): Illuminate\\Foundation\\Console\\Kernel->bootstrap()
#27 Command line code(1): Illuminate\\Foundation\\Console\\Kernel->handle(Object(Symfony\\Component\\Console\\Input\\ArgvInput), Object(Symfony\\Component\\Console\\Output\\ConsoleOutput))
#28 {main}
"} 
[2025-08-24 10:45:19] local.ERROR: Call to undefined method Livewire\LivewireManager::routes() {"exception":"[object] (Error(code: 0): Call to undefined method Livewire\\LivewireManager::routes() at C:\\Users\\Pentanik IT\\Desktop\\Ponnobd Laravel\\vendor\\laravel\\framework\\src\\Illuminate\\Support\\Facades\\Facade.php:355)
[stacktrace]
#0 C:\\Users\\Pentanik IT\\Desktop\\Ponnobd Laravel\\routes\\web.php(71): Illuminate\\Support\\Facades\\Facade::__callStatic('routes', Array)
#1 C:\\Users\\Pentanik IT\\Desktop\\Ponnobd Laravel\\vendor\\laravel\\framework\\src\\Illuminate\\Routing\\RouteFileRegistrar.php(35): require('C:\\\\Users\\\\Pentan...')
#2 C:\\Users\\Pentanik IT\\Desktop\\Ponnobd Laravel\\vendor\\laravel\\framework\\src\\Illuminate\\Routing\\Router.php(511): Illuminate\\Routing\\RouteFileRegistrar->register('C:\\\\Users\\\\Pentan...')
#3 C:\\Users\\Pentanik IT\\Desktop\\Ponnobd Laravel\\vendor\\laravel\\framework\\src\\Illuminate\\Routing\\Router.php(465): Illuminate\\Routing\\Router->loadRoutes('C:\\\\Users\\\\Pentan...')
#4 C:\\Users\\Pentanik IT\\Desktop\\Ponnobd Laravel\\vendor\\laravel\\framework\\src\\Illuminate\\Routing\\RouteRegistrar.php(194): Illuminate\\Routing\\Router->group(Array, 'C:\\\\Users\\\\Pentan...')
#5 C:\\Users\\Pentanik IT\\Desktop\\Ponnobd Laravel\\app\\Providers\\RouteServiceProvider.php(41): Illuminate\\Routing\\RouteRegistrar->group('C:\\\\Users\\\\Pentan...')
#6 C:\\Users\\Pentanik IT\\Desktop\\Ponnobd Laravel\\vendor\\laravel\\framework\\src\\Illuminate\\Container\\BoundMethod.php(36): App\\Providers\\RouteServiceProvider->App\\Providers\\{closure}()
#7 C:\\Users\\Pentanik IT\\Desktop\\Ponnobd Laravel\\vendor\\laravel\\framework\\src\\Illuminate\\Container\\Util.php(41): Illuminate\\Container\\BoundMethod::Illuminate\\Container\\{closure}()
#8 C:\\Users\\Pentanik IT\\Desktop\\Ponnobd Laravel\\vendor\\laravel\\framework\\src\\Illuminate\\Container\\BoundMethod.php(81): Illuminate\\Container\\Util::unwrapIfClosure(Object(Closure))
#9 C:\\Users\\Pentanik IT\\Desktop\\Ponnobd Laravel\\vendor\\laravel\\framework\\src\\Illuminate\\Container\\BoundMethod.php(35): Illuminate\\Container\\BoundMethod::callBoundMethod(Object(Illuminate\\Foundation\\Application), Object(Closure), Object(Closure))
#10 C:\\Users\\Pentanik IT\\Desktop\\Ponnobd Laravel\\vendor\\laravel\\framework\\src\\Illuminate\\Container\\Container.php(662): Illuminate\\Container\\BoundMethod::call(Object(Illuminate\\Foundation\\Application), Object(Closure), Array, NULL)
#11 C:\\Users\\Pentanik IT\\Desktop\\Ponnobd Laravel\\vendor\\laravel\\framework\\src\\Illuminate\\Foundation\\Support\\Providers\\RouteServiceProvider.php(120): Illuminate\\Container\\Container->call(Object(Closure))
#12 C:\\Users\\Pentanik IT\\Desktop\\Ponnobd Laravel\\vendor\\laravel\\framework\\src\\Illuminate\\Foundation\\Support\\Providers\\RouteServiceProvider.php(45): Illuminate\\Foundation\\Support\\Providers\\RouteServiceProvider->loadRoutes()
#13 C:\\Users\\Pentanik IT\\Desktop\\Ponnobd Laravel\\vendor\\laravel\\framework\\src\\Illuminate\\Container\\BoundMethod.php(36): Illuminate\\Foundation\\Support\\Providers\\RouteServiceProvider->Illuminate\\Foundation\\Support\\Providers\\{closure}()
#14 C:\\Users\\Pentanik IT\\Desktop\\Ponnobd Laravel\\vendor\\laravel\\framework\\src\\Illuminate\\Container\\Util.php(41): Illuminate\\Container\\BoundMethod::Illuminate\\Container\\{closure}()
#15 C:\\Users\\Pentanik IT\\Desktop\\Ponnobd Laravel\\vendor\\laravel\\framework\\src\\Illuminate\\Container\\BoundMethod.php(81): Illuminate\\Container\\Util::unwrapIfClosure(Object(Closure))
#16 C:\\Users\\Pentanik IT\\Desktop\\Ponnobd Laravel\\vendor\\laravel\\framework\\src\\Illuminate\\Container\\BoundMethod.php(35): Illuminate\\Container\\BoundMethod::callBoundMethod(Object(Illuminate\\Foundation\\Application), Object(Closure), Object(Closure))
#17 C:\\Users\\Pentanik IT\\Desktop\\Ponnobd Laravel\\vendor\\laravel\\framework\\src\\Illuminate\\Container\\Container.php(662): Illuminate\\Container\\BoundMethod::call(Object(Illuminate\\Foundation\\Application), Object(Closure), Array, NULL)
#18 C:\\Users\\Pentanik IT\\Desktop\\Ponnobd Laravel\\vendor\\laravel\\framework\\src\\Illuminate\\Support\\ServiceProvider.php(119): Illuminate\\Container\\Container->call(Object(Closure))
#19 C:\\Users\\Pentanik IT\\Desktop\\Ponnobd Laravel\\vendor\\laravel\\framework\\src\\Illuminate\\Foundation\\Application.php(1037): Illuminate\\Support\\ServiceProvider->callBootedCallbacks()
#20 C:\\Users\\Pentanik IT\\Desktop\\Ponnobd Laravel\\vendor\\laravel\\framework\\src\\Illuminate\\Foundation\\Application.php(1015): Illuminate\\Foundation\\Application->bootProvider(Object(App\\Providers\\RouteServiceProvider))
#21 [internal function]: Illuminate\\Foundation\\Application->Illuminate\\Foundation\\{closure}(Object(App\\Providers\\RouteServiceProvider), 34)
#22 C:\\Users\\Pentanik IT\\Desktop\\Ponnobd Laravel\\vendor\\laravel\\framework\\src\\Illuminate\\Foundation\\Application.php(1014): array_walk(Array, Object(Closure))
#23 C:\\Users\\Pentanik IT\\Desktop\\Ponnobd Laravel\\vendor\\laravel\\framework\\src\\Illuminate\\Foundation\\Bootstrap\\BootProviders.php(17): Illuminate\\Foundation\\Application->boot()
#24 C:\\Users\\Pentanik IT\\Desktop\\Ponnobd Laravel\\vendor\\laravel\\framework\\src\\Illuminate\\Foundation\\Application.php(263): Illuminate\\Foundation\\Bootstrap\\BootProviders->bootstrap(Object(Illuminate\\Foundation\\Application))
#25 C:\\Users\\Pentanik IT\\Desktop\\Ponnobd Laravel\\vendor\\laravel\\framework\\src\\Illuminate\\Foundation\\Console\\Kernel.php(447): Illuminate\\Foundation\\Application->bootstrapWith(Array)
#26 C:\\Users\\Pentanik IT\\Desktop\\Ponnobd Laravel\\vendor\\laravel\\framework\\src\\Illuminate\\Foundation\\Console\\Kernel.php(199): Illuminate\\Foundation\\Console\\Kernel->bootstrap()
#27 Command line code(1): Illuminate\\Foundation\\Console\\Kernel->handle(Object(Symfony\\Component\\Console\\Input\\ArgvInput), Object(Symfony\\Component\\Console\\Output\\ConsoleOutput))
#28 {main}
"} 
